2 path.c:128 0x4a52049 24
4 path.c:254 0x4a52049 24
2 path.c:128 0x4a54319 24
1 dynarray.c:84 0x4a54389 24
2 dynarray.c:95 0x4a543f9 16
2 path.c:90 0x4a54459 6
1 path.c:143 0x4a544a9 6
4 path.c:246 0x4a544a9 6
4 path.c:31 0x4a54459 6
4 dynarray.c:112 0x4a543f9 16
4 dynarray.c:113 0x4a54389 24
4 path.c:254 0x4a54319 24
1 dynarray.c:84 0x4a544f9 24
2 dynarray.c:95 0x4a54569 16
1 bdtBad4.c:663 0x4a545c9 1
4 dynarray.c:112 0x4a54569 16
4 dynarray.c:113 0x4a544f9 24
4 bdt_client.c:40 0x4a545c9 1
2 path.c:128 0x4a54619 24
4 path.c:254 0x4a54619 24
2 path.c:128 0x4a54689 24
1 dynarray.c:84 0x4a546f9 24
2 dynarray.c:95 0x4a54769 16
4 dynarray.c:112 0x4a54769 16
4 dynarray.c:113 0x4a546f9 24
4 path.c:254 0x4a54689 24
2 path.c:128 0x4a547c9 24
1 dynarray.c:84 0x4a54839 24
2 dynarray.c:95 0x4a548a9 16
2 path.c:90 0x4a54909 6
2 path.c:90 0x4a54959 7
4 path.c:31 0x4a54909 6
4 path.c:31 0x4a54959 7
4 dynarray.c:112 0x4a548a9 16
4 dynarray.c:113 0x4a54839 24
4 path.c:254 0x4a547c9 24
2 path.c:128 0x4a549b9 24
1 dynarray.c:84 0x4a54a29 24
2 dynarray.c:95 0x4a54a99 16
2 path.c:90 0x4a54af9 6
4 path.c:31 0x4a54af9 6
4 dynarray.c:112 0x4a54a99 16
4 dynarray.c:113 0x4a54a29 24
4 path.c:254 0x4a549b9 24
2 path.c:128 0x4a54b49 24
1 dynarray.c:84 0x4a54bb9 24
2 dynarray.c:95 0x4a54c29 16
2 path.c:90 0x4a54c89 6
1 path.c:143 0x4a54cd9 6
2 path.c:178 0x4a54d29 24
1 dynarray.c:84 0x4a54d99 24
2 dynarray.c:95 0x4a54e09 16
2 path.c:191 0x4a54e69 6
2 path.c:205 0x4a54eb9 6
3 path.c:223 0x4a54f09 0x4a54e69 6 6
1 bdtBad4.c:143 0x4a54f59 32
2 path.c:178 0x4a54fc9 24
1 dynarray.c:84 0x4a55039 24
2 dynarray.c:95 0x4a550a9 16
2 path.c:191 0x4a55109 6
2 path.c:205 0x4a55159 6
3 path.c:223 0x4a551a9 0x4a55109 6 6
4 path.c:246 0x4a54f09 6
4 path.c:31 0x4a54eb9 6
4 dynarray.c:112 0x4a54e09 16
4 dynarray.c:113 0x4a54d99 24
4 path.c:254 0x4a54d29 24
4 path.c:246 0x4a54cd9 6
4 path.c:31 0x4a54c89 6
4 dynarray.c:112 0x4a54c29 16
4 dynarray.c:113 0x4a54bb9 24
4 path.c:254 0x4a54b49 24
2 path.c:128 0x4a551f9 24
1 dynarray.c:84 0x4a55269 24
2 dynarray.c:95 0x4a552d9 16
2 path.c:90 0x4a55339 6
2 path.c:90 0x4a55389 7
2 path.c:90 0x4a553e9 12
3 dynarray.c:69 0x4a55449 0x4a552d9 16 32
1 path.c:143 0x4a554b9 25
2 path.c:178 0x4a55529 24
1 dynarray.c:84 0x4a55599 24
2 dynarray.c:95 0x4a55609 16
2 path.c:191 0x4a55669 25
2 path.c:205 0x4a556d9 6
3 path.c:223 0x4a55729 0x4a55669 25 6
4 path.c:246 0x4a55729 6
4 path.c:31 0x4a556d9 6
4 dynarray.c:112 0x4a55609 16
4 dynarray.c:113 0x4a55599 24
4 path.c:254 0x4a55529 24
2 path.c:178 0x4a55779 24
1 dynarray.c:84 0x4a557e9 24
2 dynarray.c:95 0x4a55859 16
2 path.c:191 0x4a558b9 25
2 path.c:205 0x4a55929 6
2 path.c:205 0x4a55979 7
3 path.c:223 0x4a559d9 0x4a558b9 25 13
4 path.c:246 0x4a559d9 13
4 path.c:31 0x4a55929 6
4 path.c:31 0x4a55979 7
4 dynarray.c:112 0x4a55859 16
4 dynarray.c:113 0x4a557e9 24
4 path.c:254 0x4a55779 24
2 path.c:178 0x4a55a39 24
1 dynarray.c:84 0x4a55aa9 24
2 dynarray.c:95 0x4a55b19 16
2 path.c:191 0x4a55b79 25
2 path.c:205 0x4a55be9 6
2 path.c:205 0x4a55c39 7
3 path.c:223 0x4a55c99 0x4a55b79 25 13
1 bdtBad4.c:143 0x4a55cf9 32
2 path.c:178 0x4a55d69 24
1 dynarray.c:84 0x4a55dd9 24
2 dynarray.c:95 0x4a55e49 16
2 path.c:191 0x4a55ea9 13
2 path.c:205 0x4a55f09 6
2 path.c:205 0x4a55f59 7
3 path.c:223 0x4a55fb9 0x4a55ea9 13 13
4 path.c:246 0x4a55c99 13
4 path.c:31 0x4a55be9 6
4 path.c:31 0x4a55c39 7
4 dynarray.c:112 0x4a55b19 16
4 dynarray.c:113 0x4a55aa9 24
4 path.c:254 0x4a55a39 24
2 path.c:178 0x4a56019 24
1 dynarray.c:84 0x4a56089 24
2 dynarray.c:95 0x4a560f9 24
2 path.c:191 0x4a56169 25
2 path.c:205 0x4a561d9 6
2 path.c:205 0x4a56229 7
2 path.c:205 0x4a56289 12
3 path.c:223 0x4a562e9 0x4a56169 25 25
1 bdtBad4.c:143 0x4a56359 32
2 path.c:178 0x4a563c9 24
1 dynarray.c:84 0x4a56439 24
2 dynarray.c:95 0x4a564a9 24
2 path.c:191 0x4a56519 25
2 path.c:205 0x4a56589 6
2 path.c:205 0x4a565d9 7
2 path.c:205 0x4a56639 12
3 path.c:223 0x4a56699 0x4a56519 25 25
4 path.c:246 0x4a562e9 25
4 path.c:31 0x4a561d9 6
4 path.c:31 0x4a56229 7
4 path.c:31 0x4a56289 12
4 dynarray.c:112 0x4a560f9 24
4 dynarray.c:113 0x4a56089 24
4 path.c:254 0x4a56019 24
4 path.c:246 0x4a554b9 25
4 path.c:31 0x4a55339 6
4 path.c:31 0x4a55389 7
4 path.c:31 0x4a553e9 12
4 dynarray.c:112 0x4a55449 32
4 dynarray.c:113 0x4a55269 24
4 path.c:254 0x4a551f9 24
2 path.c:128 0x4a56709 24
1 dynarray.c:84 0x4a56779 24
2 dynarray.c:95 0x4a567e9 16
2 path.c:90 0x4a56849 6
1 path.c:143 0x4a56899 6
2 path.c:178 0x4a568e9 24
1 dynarray.c:84 0x4a56959 24
2 dynarray.c:95 0x4a569c9 16
2 path.c:191 0x4a56a29 6
2 path.c:205 0x4a56a79 6
3 path.c:223 0x4a56ac9 0x4a56a29 6 6
4 path.c:246 0x4a56ac9 6
4 path.c:31 0x4a56a79 6
4 dynarray.c:112 0x4a569c9 16
4 dynarray.c:113 0x4a56959 24
4 path.c:254 0x4a568e9 24
4 path.c:246 0x4a56899 6
4 path.c:31 0x4a56849 6
4 dynarray.c:112 0x4a567e9 16
4 dynarray.c:113 0x4a56779 24
4 path.c:254 0x4a56709 24
2 path.c:128 0x4a56b19 24
1 dynarray.c:84 0x4a56b89 24
2 dynarray.c:95 0x4a56bf9 16
2 path.c:90 0x4a56c59 6
2 path.c:90 0x4a56ca9 7
1 path.c:143 0x4a56d09 13
2 path.c:178 0x4a56d69 24
1 dynarray.c:84 0x4a56dd9 24
2 dynarray.c:95 0x4a56e49 16
2 path.c:191 0x4a56ea9 13
2 path.c:205 0x4a56f09 6
3 path.c:223 0x4a56f59 0x4a56ea9 13 6
4 path.c:246 0x4a56f59 6
4 path.c:31 0x4a56f09 6
4 dynarray.c:112 0x4a56e49 16
4 dynarray.c:113 0x4a56dd9 24
4 path.c:254 0x4a56d69 24
2 path.c:178 0x4a56fa9 24
1 dynarray.c:84 0x4a57019 24
2 dynarray.c:95 0x4a57089 16
2 path.c:191 0x4a570e9 13
2 path.c:205 0x4a57149 6
2 path.c:205 0x4a57199 7
3 path.c:223 0x4a571f9 0x4a570e9 13 13
4 path.c:246 0x4a571f9 13
4 path.c:31 0x4a57149 6
4 path.c:31 0x4a57199 7
4 dynarray.c:112 0x4a57089 16
4 dynarray.c:113 0x4a57019 24
4 path.c:254 0x4a56fa9 24
4 path.c:246 0x4a56d09 13
4 path.c:31 0x4a56c59 6
4 path.c:31 0x4a56ca9 7
4 dynarray.c:112 0x4a56bf9 16
4 dynarray.c:113 0x4a56b89 24
4 path.c:254 0x4a56b19 24
2 path.c:128 0x4a57259 24
1 dynarray.c:84 0x4a572c9 24
2 dynarray.c:95 0x4a57339 16
2 path.c:90 0x4a57399 6
2 path.c:90 0x4a573e9 7
2 path.c:90 0x4a57449 12
3 dynarray.c:69 0x4a574a9 0x4a57339 16 32
1 path.c:143 0x4a57519 25
2 path.c:178 0x4a57589 24
1 dynarray.c:84 0x4a575f9 24
2 dynarray.c:95 0x4a57669 16
2 path.c:191 0x4a576c9 25
2 path.c:205 0x4a57739 6
3 path.c:223 0x4a57789 0x4a576c9 25 6
4 path.c:246 0x4a57789 6
4 path.c:31 0x4a57739 6
4 dynarray.c:112 0x4a57669 16
4 dynarray.c:113 0x4a575f9 24
4 path.c:254 0x4a57589 24
2 path.c:178 0x4a577d9 24
1 dynarray.c:84 0x4a57849 24
2 dynarray.c:95 0x4a578b9 16
2 path.c:191 0x4a57919 25
2 path.c:205 0x4a57989 6
2 path.c:205 0x4a579d9 7
3 path.c:223 0x4a57a39 0x4a57919 25 13
4 path.c:246 0x4a57a39 13
4 path.c:31 0x4a57989 6
4 path.c:31 0x4a579d9 7
4 dynarray.c:112 0x4a578b9 16
4 dynarray.c:113 0x4a57849 24
4 path.c:254 0x4a577d9 24
2 path.c:178 0x4a57a99 24
1 dynarray.c:84 0x4a57b09 24
2 dynarray.c:95 0x4a57b79 24
2 path.c:191 0x4a57be9 25
2 path.c:205 0x4a57c59 6
2 path.c:205 0x4a57ca9 7
2 path.c:205 0x4a57d09 12
3 path.c:223 0x4a57d69 0x4a57be9 25 25
4 path.c:246 0x4a57d69 25
4 path.c:31 0x4a57c59 6
4 path.c:31 0x4a57ca9 7
4 path.c:31 0x4a57d09 12
4 dynarray.c:112 0x4a57b79 24
4 dynarray.c:113 0x4a57b09 24
4 path.c:254 0x4a57a99 24
4 path.c:246 0x4a57519 25
4 path.c:31 0x4a57399 6
4 path.c:31 0x4a573e9 7
4 path.c:31 0x4a57449 12
4 dynarray.c:112 0x4a574a9 32
4 dynarray.c:113 0x4a572c9 24
4 path.c:254 0x4a57259 24
2 path.c:128 0x4a57dd9 24
1 dynarray.c:84 0x4a57e49 24
2 dynarray.c:95 0x4a57eb9 16
2 path.c:90 0x4a57f19 12
1 path.c:143 0x4a57f79 12
2 path.c:178 0x4a57fd9 24
1 dynarray.c:84 0x4a58049 24
2 dynarray.c:95 0x4a580b9 16
2 path.c:191 0x4a58119 12
2 path.c:205 0x4a58179 12
3 path.c:223 0x4a581d9 0x4a58119 12 12
4 path.c:246 0x4a581d9 12
4 path.c:31 0x4a58179 12
4 dynarray.c:112 0x4a580b9 16
4 dynarray.c:113 0x4a58049 24
4 path.c:254 0x4a57fd9 24
4 path.c:246 0x4a57f79 12
4 path.c:31 0x4a57f19 12
4 dynarray.c:112 0x4a57eb9 16
4 dynarray.c:113 0x4a57e49 24
4 path.c:254 0x4a57dd9 24
2 path.c:128 0x4a58239 24
1 dynarray.c:84 0x4a582a9 24
2 dynarray.c:95 0x4a58319 16
2 path.c:90 0x4a58379 12
1 path.c:143 0x4a583d9 12
2 path.c:178 0x4a58439 24
1 dynarray.c:84 0x4a584a9 24
2 dynarray.c:95 0x4a58519 16
2 path.c:191 0x4a58579 12
2 path.c:205 0x4a585d9 12
3 path.c:223 0x4a58639 0x4a58579 12 12
4 path.c:246 0x4a58639 12
4 path.c:31 0x4a585d9 12
4 dynarray.c:112 0x4a58519 16
4 dynarray.c:113 0x4a584a9 24
4 path.c:254 0x4a58439 24
4 path.c:246 0x4a583d9 12
4 path.c:31 0x4a58379 12
4 dynarray.c:112 0x4a58319 16
4 dynarray.c:113 0x4a582a9 24
4 path.c:254 0x4a58239 24
2 path.c:128 0x4a58699 24
1 dynarray.c:84 0x4a58709 24
2 dynarray.c:95 0x4a58779 16
2 path.c:90 0x4a587d9 12
1 path.c:143 0x4a58839 12
2 path.c:178 0x4a58899 24
1 dynarray.c:84 0x4a58909 24
2 dynarray.c:95 0x4a58979 16
2 path.c:191 0x4a589d9 12
2 path.c:205 0x4a58a39 12
3 path.c:223 0x4a58a99 0x4a589d9 12 12
4 path.c:246 0x4a58a99 12
4 path.c:31 0x4a58a39 12
4 dynarray.c:112 0x4a58979 16
4 dynarray.c:113 0x4a58909 24
4 path.c:254 0x4a58899 24
4 path.c:246 0x4a58839 12
4 path.c:31 0x4a587d9 12
4 dynarray.c:112 0x4a58779 16
4 dynarray.c:113 0x4a58709 24
4 path.c:254 0x4a58699 24
2 path.c:128 0x4a58af9 24
1 dynarray.c:84 0x4a58b69 24
2 dynarray.c:95 0x4a58bd9 16
2 path.c:90 0x4a58c39 6
2 path.c:90 0x4a58c89 8
1 path.c:143 0x4a58ce9 14
2 path.c:178 0x4a58d49 24
1 dynarray.c:84 0x4a58db9 24
2 dynarray.c:95 0x4a58e29 16
2 path.c:191 0x4a58e89 14
2 path.c:205 0x4a58ee9 6
3 path.c:223 0x4a58f39 0x4a58e89 14 6
4 path.c:246 0x4a58f39 6
4 path.c:31 0x4a58ee9 6
4 dynarray.c:112 0x4a58e29 16
4 dynarray.c:113 0x4a58db9 24
4 path.c:254 0x4a58d49 24
2 path.c:178 0x4a58f89 24
1 dynarray.c:84 0x4a58ff9 24
2 dynarray.c:95 0x4a59069 16
2 path.c:191 0x4a590c9 14
2 path.c:205 0x4a59129 6
2 path.c:205 0x4a59179 8
3 path.c:223 0x4a591d9 0x4a590c9 14 14
4 path.c:246 0x4a591d9 14
4 path.c:31 0x4a59129 6
4 path.c:31 0x4a59179 8
4 dynarray.c:112 0x4a59069 16
4 dynarray.c:113 0x4a58ff9 24
4 path.c:254 0x4a58f89 24
4 path.c:246 0x4a58ce9 14
4 path.c:31 0x4a58c39 6
4 path.c:31 0x4a58c89 8
4 dynarray.c:112 0x4a58bd9 16
4 dynarray.c:113 0x4a58b69 24
4 path.c:254 0x4a58af9 24
2 path.c:128 0x4a59239 24
1 dynarray.c:84 0x4a592a9 24
2 dynarray.c:95 0x4a59319 16
2 path.c:90 0x4a59379 6
2 path.c:90 0x4a593c9 7
2 path.c:90 0x4a59429 12
3 dynarray.c:69 0x4a59489 0x4a59319 16 32
1 path.c:143 0x4a594f9 25
2 path.c:178 0x4a59569 24
1 dynarray.c:84 0x4a595d9 24
2 dynarray.c:95 0x4a59649 16
2 path.c:191 0x4a596a9 25
2 path.c:205 0x4a59719 6
3 path.c:223 0x4a59769 0x4a596a9 25 6
4 path.c:246 0x4a59769 6
4 path.c:31 0x4a59719 6
4 dynarray.c:112 0x4a59649 16
4 dynarray.c:113 0x4a595d9 24
4 path.c:254 0x4a59569 24
2 path.c:178 0x4a597b9 24
1 dynarray.c:84 0x4a59829 24
2 dynarray.c:95 0x4a59899 16
2 path.c:191 0x4a598f9 25
2 path.c:205 0x4a59969 6
2 path.c:205 0x4a599b9 7
3 path.c:223 0x4a59a19 0x4a598f9 25 13
4 path.c:246 0x4a59a19 13
4 path.c:31 0x4a59969 6
4 path.c:31 0x4a599b9 7
4 dynarray.c:112 0x4a59899 16
4 dynarray.c:113 0x4a59829 24
4 path.c:254 0x4a597b9 24
2 path.c:178 0x4a59a79 24
1 dynarray.c:84 0x4a59ae9 24
2 dynarray.c:95 0x4a59b59 24
2 path.c:191 0x4a59bc9 25
2 path.c:205 0x4a59c39 6
2 path.c:205 0x4a59c89 7
2 path.c:205 0x4a59ce9 12
3 path.c:223 0x4a59d49 0x4a59bc9 25 25
4 path.c:246 0x4a59d49 25
4 path.c:31 0x4a59c39 6
4 path.c:31 0x4a59c89 7
4 path.c:31 0x4a59ce9 12
4 dynarray.c:112 0x4a59b59 24
4 dynarray.c:113 0x4a59ae9 24
4 path.c:254 0x4a59a79 24
4 path.c:246 0x4a594f9 25
4 path.c:31 0x4a59379 6
4 path.c:31 0x4a593c9 7
4 path.c:31 0x4a59429 12
4 dynarray.c:112 0x4a59489 32
4 dynarray.c:113 0x4a592a9 24
4 path.c:254 0x4a59239 24
2 path.c:128 0x4a59db9 24
1 dynarray.c:84 0x4a59e29 24
2 dynarray.c:95 0x4a59e99 16
2 path.c:90 0x4a59ef9 12
2 path.c:90 0x4a59f59 6
2 path.c:90 0x4a59fa9 9
3 dynarray.c:69 0x4a5a009 0x4a59e99 16 32
1 path.c:143 0x4a5a079 27
2 path.c:178 0x4a5a0e9 24
1 dynarray.c:84 0x4a5a159 24
2 dynarray.c:95 0x4a5a1c9 16
2 path.c:191 0x4a5a229 27
2 path.c:205 0x4a5a299 12
3 path.c:223 0x4a5a2f9 0x4a5a229 27 12
4 path.c:246 0x4a5a2f9 12
4 path.c:31 0x4a5a299 12
4 dynarray.c:112 0x4a5a1c9 16
4 dynarray.c:113 0x4a5a159 24
4 path.c:254 0x4a5a0e9 24
4 path.c:246 0x4a5a079 27
4 path.c:31 0x4a59ef9 12
4 path.c:31 0x4a59f59 6
4 path.c:31 0x4a59fa9 9
4 dynarray.c:112 0x4a5a009 32
4 dynarray.c:113 0x4a59e29 24
4 path.c:254 0x4a59db9 24
2 path.c:128 0x4a5a359 24
1 dynarray.c:84 0x4a5a3c9 24
2 dynarray.c:95 0x4a5a439 16
2 path.c:90 0x4a5a499 6
2 path.c:90 0x4a5a4e9 8
1 path.c:143 0x4a5a549 14
2 path.c:178 0x4a5a5a9 24
1 dynarray.c:84 0x4a5a619 24
2 dynarray.c:95 0x4a5a689 16
2 path.c:191 0x4a5a6e9 14
2 path.c:205 0x4a5a749 6
3 path.c:223 0x4a5a799 0x4a5a6e9 14 6
4 path.c:246 0x4a5a799 6
4 path.c:31 0x4a5a749 6
4 dynarray.c:112 0x4a5a689 16
4 dynarray.c:113 0x4a5a619 24
4 path.c:254 0x4a5a5a9 24
2 path.c:178 0x4a5a7e9 24
1 dynarray.c:84 0x4a5a859 24
2 dynarray.c:95 0x4a5a8c9 16
2 path.c:191 0x4a5a929 14
2 path.c:205 0x4a5a989 6
2 path.c:205 0x4a5a9d9 8
3 path.c:223 0x4a5aa39 0x4a5a929 14 14
4 path.c:246 0x4a5aa39 14
4 path.c:31 0x4a5a989 6
4 path.c:31 0x4a5a9d9 8
4 dynarray.c:112 0x4a5a8c9 16
4 dynarray.c:113 0x4a5a859 24
4 path.c:254 0x4a5a7e9 24
2 path.c:178 0x4a5aa99 24
1 dynarray.c:84 0x4a5ab09 24
2 dynarray.c:95 0x4a5ab79 16
2 path.c:191 0x4a5abd9 14
2 path.c:205 0x4a5ac39 6
2 path.c:205 0x4a5ac89 8
3 path.c:223 0x4a5ace9 0x4a5abd9 14 14
1 bdtBad4.c:143 0x4a5ad49 32
2 path.c:178 0x4a5adb9 24
1 dynarray.c:84 0x4a5ae29 24
2 dynarray.c:95 0x4a5ae99 16
2 path.c:191 0x4a5aef9 14
2 path.c:205 0x4a5af59 6
2 path.c:205 0x4a5afa9 8
3 path.c:223 0x4a5b009 0x4a5aef9 14 14
4 path.c:246 0x4a5ace9 14
4 path.c:31 0x4a5ac39 6
4 path.c:31 0x4a5ac89 8
4 dynarray.c:112 0x4a5ab79 16
4 dynarray.c:113 0x4a5ab09 24
4 path.c:254 0x4a5aa99 24
4 path.c:246 0x4a5a549 14
4 path.c:31 0x4a5a499 6
4 path.c:31 0x4a5a4e9 8
4 dynarray.c:112 0x4a5a439 16
4 dynarray.c:113 0x4a5a3c9 24
4 path.c:254 0x4a5a359 24
2 path.c:128 0x4a5b069 24
1 dynarray.c:84 0x4a5b0d9 24
2 dynarray.c:95 0x4a5b149 16
2 path.c:90 0x4a5b1a9 6
2 path.c:90 0x4a5b1f9 7
1 path.c:143 0x4a5b259 13
2 path.c:178 0x4a5b2b9 24
1 dynarray.c:84 0x4a5b329 24
2 dynarray.c:95 0x4a5b399 16
2 path.c:191 0x4a5b3f9 13
2 path.c:205 0x4a5b459 6
3 path.c:223 0x4a5b4a9 0x4a5b3f9 13 6
4 path.c:246 0x4a5b4a9 6
4 path.c:31 0x4a5b459 6
4 dynarray.c:112 0x4a5b399 16
4 dynarray.c:113 0x4a5b329 24
4 path.c:254 0x4a5b2b9 24
2 path.c:178 0x4a5b4f9 24
1 dynarray.c:84 0x4a5b569 24
2 dynarray.c:95 0x4a5b5d9 16
2 path.c:191 0x4a5b639 13
2 path.c:205 0x4a5b699 6
2 path.c:205 0x4a5b6e9 7
3 path.c:223 0x4a5b749 0x4a5b639 13 13
4 path.c:246 0x4a5b749 13
4 path.c:31 0x4a5b699 6
4 path.c:31 0x4a5b6e9 7
4 dynarray.c:112 0x4a5b5d9 16
4 dynarray.c:113 0x4a5b569 24
4 path.c:254 0x4a5b4f9 24
2 path.c:178 0x4a5b7a9 24
1 dynarray.c:84 0x4a5b819 24
2 dynarray.c:95 0x4a5b889 16
2 path.c:191 0x4a5b8e9 13
2 path.c:205 0x4a5b949 6
2 path.c:205 0x4a5b999 7
3 path.c:223 0x4a5b9f9 0x4a5b8e9 13 13
1 bdtBad4.c:143 0x4a5ba59 32
2 path.c:178 0x4a5bac9 24
1 dynarray.c:84 0x4a5bb39 24
2 dynarray.c:95 0x4a5bba9 16
2 path.c:191 0x4a5bc09 13
2 path.c:205 0x4a5bc69 6
2 path.c:205 0x4a5bcb9 7
3 path.c:223 0x4a5bd19 0x4a5bc09 13 13
4 path.c:246 0x4a5bd19 13
4 path.c:31 0x4a5bc69 6
4 path.c:31 0x4a5bcb9 7
4 dynarray.c:112 0x4a5bba9 16
4 dynarray.c:113 0x4a5bb39 24
4 path.c:254 0x4a5bac9 24
4 bdtBad4.c:193 0x4a5ba59 32
4 path.c:246 0x4a5b259 13
4 path.c:31 0x4a5b1a9 6
4 path.c:31 0x4a5b1f9 7
4 dynarray.c:112 0x4a5b149 16
4 dynarray.c:113 0x4a5b0d9 24
4 path.c:254 0x4a5b069 24
4 path.c:246 0x4a5b9f9 13
4 path.c:31 0x4a5b949 6
4 path.c:31 0x4a5b999 7
4 dynarray.c:112 0x4a5b889 16
4 dynarray.c:113 0x4a5b819 24
4 path.c:254 0x4a5b7a9 24
2 path.c:128 0x4a5bd79 24
1 dynarray.c:84 0x4a5bde9 24
2 dynarray.c:95 0x4a5be59 16
2 path.c:90 0x4a5beb9 6
2 path.c:90 0x4a5bf09 4
2 path.c:90 0x4a5bf59 5
3 dynarray.c:69 0x4a5bfa9 0x4a5be59 16 32
2 path.c:90 0x4a5c019 7
1 path.c:143 0x4a5c079 22
2 path.c:178 0x4a5c0d9 24
1 dynarray.c:84 0x4a5c149 24
2 dynarray.c:95 0x4a5c1b9 16
2 path.c:191 0x4a5c219 22
2 path.c:205 0x4a5c279 6
3 path.c:223 0x4a5c2c9 0x4a5c219 22 6
4 path.c:246 0x4a5c2c9 6
4 path.c:31 0x4a5c279 6
4 dynarray.c:112 0x4a5c1b9 16
4 dynarray.c:113 0x4a5c149 24
4 path.c:254 0x4a5c0d9 24
2 path.c:178 0x4a5c319 24
1 dynarray.c:84 0x4a5c389 24
2 dynarray.c:95 0x4a5c3f9 16
2 path.c:191 0x4a5c459 22
2 path.c:205 0x4a5c4b9 6
2 path.c:205 0x4a5c509 4
3 path.c:223 0x4a5c559 0x4a5c459 22 10
4 path.c:246 0x4a5c559 10
4 path.c:31 0x4a5c4b9 6
4 path.c:31 0x4a5c509 4
4 dynarray.c:112 0x4a5c3f9 16
4 dynarray.c:113 0x4a5c389 24
4 path.c:254 0x4a5c319 24
2 path.c:178 0x4a5c5b9 24
1 dynarray.c:84 0x4a5c629 24
2 dynarray.c:95 0x4a5c699 16
2 path.c:191 0x4a5c6f9 22
2 path.c:205 0x4a5c759 6
2 path.c:205 0x4a5c7a9 4
3 path.c:223 0x4a5c7f9 0x4a5c6f9 22 10
1 bdtBad4.c:143 0x4a5c859 32
2 path.c:178 0x4a5c8c9 24
1 dynarray.c:84 0x4a5c939 24
2 dynarray.c:95 0x4a5c9a9 16
2 path.c:191 0x4a5ca09 10
2 path.c:205 0x4a5ca69 6
2 path.c:205 0x4a5cab9 4
3 path.c:223 0x4a5cb09 0x4a5ca09 10 10
4 path.c:246 0x4a5cb09 10
4 path.c:31 0x4a5ca69 6
4 path.c:31 0x4a5cab9 4
4 dynarray.c:112 0x4a5c9a9 16
4 dynarray.c:113 0x4a5c939 24
4 path.c:254 0x4a5c8c9 24
4 bdtBad4.c:193 0x4a5c859 32
4 path.c:246 0x4a5c079 22
4 path.c:31 0x4a5beb9 6
4 path.c:31 0x4a5bf09 4
4 path.c:31 0x4a5bf59 5
4 path.c:31 0x4a5c019 7
4 dynarray.c:112 0x4a5bfa9 32
4 dynarray.c:113 0x4a5bde9 24
4 path.c:254 0x4a5bd79 24
4 path.c:246 0x4a5c7f9 10
4 path.c:31 0x4a5c759 6
4 path.c:31 0x4a5c7a9 4
4 dynarray.c:112 0x4a5c699 16
4 dynarray.c:113 0x4a5c629 24
4 path.c:254 0x4a5c5b9 24
2 path.c:128 0x4a5cb69 24
1 dynarray.c:84 0x4a5cbd9 24
2 dynarray.c:95 0x4a5cc49 16
2 path.c:90 0x4a5cca9 6
1 path.c:143 0x4a5ccf9 6
2 path.c:178 0x4a5cd49 24
1 dynarray.c:84 0x4a5cdb9 24
2 dynarray.c:95 0x4a5ce29 16
2 path.c:191 0x4a5ce89 6
2 path.c:205 0x4a5ced9 6
3 path.c:223 0x4a5cf29 0x4a5ce89 6 6
4 path.c:246 0x4a5cf29 6
4 path.c:31 0x4a5ced9 6
4 dynarray.c:112 0x4a5ce29 16
4 dynarray.c:113 0x4a5cdb9 24
4 path.c:254 0x4a5cd49 24
4 path.c:246 0x4a5ccf9 6
4 path.c:31 0x4a5cca9 6
4 dynarray.c:112 0x4a5cc49 16
4 dynarray.c:113 0x4a5cbd9 24
4 path.c:254 0x4a5cb69 24
2 path.c:128 0x4a5cf79 24
1 dynarray.c:84 0x4a5cfe9 24
2 dynarray.c:95 0x4a5d059 16
2 path.c:90 0x4a5d0b9 6
2 path.c:90 0x4a5d109 7
1 path.c:143 0x4a5d169 13
2 path.c:178 0x4a5d1c9 24
1 dynarray.c:84 0x4a5d239 24
2 dynarray.c:95 0x4a5d2a9 16
2 path.c:191 0x4a5d309 13
2 path.c:205 0x4a5d369 6
3 path.c:223 0x4a5d3b9 0x4a5d309 13 6
4 path.c:246 0x4a5d3b9 6
4 path.c:31 0x4a5d369 6
4 dynarray.c:112 0x4a5d2a9 16
4 dynarray.c:113 0x4a5d239 24
4 path.c:254 0x4a5d1c9 24
2 path.c:178 0x4a5d409 24
1 dynarray.c:84 0x4a5d479 24
2 dynarray.c:95 0x4a5d4e9 16
2 path.c:191 0x4a5d549 13
2 path.c:205 0x4a5d5a9 6
2 path.c:205 0x4a5d5f9 7
3 path.c:223 0x4a5d659 0x4a5d549 13 13
4 path.c:246 0x4a5d659 13
4 path.c:31 0x4a5d5a9 6
4 path.c:31 0x4a5d5f9 7
4 dynarray.c:112 0x4a5d4e9 16
4 dynarray.c:113 0x4a5d479 24
4 path.c:254 0x4a5d409 24
4 path.c:246 0x4a5d169 13
4 path.c:31 0x4a5d0b9 6
4 path.c:31 0x4a5d109 7
4 dynarray.c:112 0x4a5d059 16
4 dynarray.c:113 0x4a5cfe9 24
4 path.c:254 0x4a5cf79 24
2 path.c:128 0x4a5d6b9 24
1 dynarray.c:84 0x4a5d729 24
2 dynarray.c:95 0x4a5d799 16
2 path.c:90 0x4a5d7f9 6
2 path.c:90 0x4a5d849 8
1 path.c:143 0x4a5d8a9 14
2 path.c:178 0x4a5d909 24
1 dynarray.c:84 0x4a5d979 24
2 dynarray.c:95 0x4a5d9e9 16
2 path.c:191 0x4a5da49 14
2 path.c:205 0x4a5daa9 6
3 path.c:223 0x4a5daf9 0x4a5da49 14 6
4 path.c:246 0x4a5daf9 6
4 path.c:31 0x4a5daa9 6
4 dynarray.c:112 0x4a5d9e9 16
4 dynarray.c:113 0x4a5d979 24
4 path.c:254 0x4a5d909 24
2 path.c:178 0x4a5db49 24
1 dynarray.c:84 0x4a5dbb9 24
2 dynarray.c:95 0x4a5dc29 16
2 path.c:191 0x4a5dc89 14
2 path.c:205 0x4a5dce9 6
2 path.c:205 0x4a5dd39 8
3 path.c:223 0x4a5dd99 0x4a5dc89 14 14
4 path.c:246 0x4a5dd99 14
4 path.c:31 0x4a5dce9 6
4 path.c:31 0x4a5dd39 8
4 dynarray.c:112 0x4a5dc29 16
4 dynarray.c:113 0x4a5dbb9 24
4 path.c:254 0x4a5db49 24
4 path.c:246 0x4a5d8a9 14
4 path.c:31 0x4a5d7f9 6
4 path.c:31 0x4a5d849 8
4 dynarray.c:112 0x4a5d799 16
4 dynarray.c:113 0x4a5d729 24
4 path.c:254 0x4a5d6b9 24
2 path.c:128 0x4a5ddf9 24
1 dynarray.c:84 0x4a5de69 24
2 dynarray.c:95 0x4a5ded9 16
2 path.c:90 0x4a5df39 6
2 path.c:90 0x4a5df89 7
1 path.c:143 0x4a5dfe9 13
2 path.c:178 0x4a5e049 24
1 dynarray.c:84 0x4a5e0b9 24
2 dynarray.c:95 0x4a5e129 16
2 path.c:191 0x4a5e189 13
2 path.c:205 0x4a5e1e9 6
3 path.c:223 0x4a5e239 0x4a5e189 13 6
4 path.c:246 0x4a5e239 6
4 path.c:31 0x4a5e1e9 6
4 dynarray.c:112 0x4a5e129 16
4 dynarray.c:113 0x4a5e0b9 24
4 path.c:254 0x4a5e049 24
2 path.c:178 0x4a5e289 24
1 dynarray.c:84 0x4a5e2f9 24
2 dynarray.c:95 0x4a5e369 16
2 path.c:191 0x4a5e3c9 13
2 path.c:205 0x4a5e429 6
2 path.c:205 0x4a5e479 7
3 path.c:223 0x4a5e4d9 0x4a5e3c9 13 13
4 path.c:246 0x4a5e4d9 13
4 path.c:31 0x4a5e429 6
4 path.c:31 0x4a5e479 7
4 dynarray.c:112 0x4a5e369 16
4 dynarray.c:113 0x4a5e2f9 24
4 path.c:254 0x4a5e289 24
4 path.c:246 0x4a5dfe9 13
4 path.c:31 0x4a5df39 6
4 path.c:31 0x4a5df89 7
4 dynarray.c:112 0x4a5ded9 16
4 dynarray.c:113 0x4a5de69 24
4 path.c:254 0x4a5ddf9 24
2 path.c:128 0x4a5e539 24
1 dynarray.c:84 0x4a5e5a9 24
2 dynarray.c:95 0x4a5e619 16
2 path.c:90 0x4a5e679 6
2 path.c:90 0x4a5e6c9 4
1 path.c:143 0x4a5e719 10
2 path.c:178 0x4a5e779 24
1 dynarray.c:84 0x4a5e7e9 24
2 dynarray.c:95 0x4a5e859 16
2 path.c:191 0x4a5e8b9 10
2 path.c:205 0x4a5e919 6
3 path.c:223 0x4a5e969 0x4a5e8b9 10 6
4 path.c:246 0x4a5e969 6
4 path.c:31 0x4a5e919 6
4 dynarray.c:112 0x4a5e859 16
4 dynarray.c:113 0x4a5e7e9 24
4 path.c:254 0x4a5e779 24
2 path.c:178 0x4a5e9b9 24
1 dynarray.c:84 0x4a5ea29 24
2 dynarray.c:95 0x4a5ea99 16
2 path.c:191 0x4a5eaf9 10
2 path.c:205 0x4a5eb59 6
2 path.c:205 0x4a5eba9 4
3 path.c:223 0x4a5ebf9 0x4a5eaf9 10 10
4 path.c:246 0x4a5ebf9 10
4 path.c:31 0x4a5eb59 6
4 path.c:31 0x4a5eba9 4
4 dynarray.c:112 0x4a5ea99 16
4 dynarray.c:113 0x4a5ea29 24
4 path.c:254 0x4a5e9b9 24
4 path.c:246 0x4a5e719 10
4 path.c:31 0x4a5e679 6
4 path.c:31 0x4a5e6c9 4
4 dynarray.c:112 0x4a5e619 16
4 dynarray.c:113 0x4a5e5a9 24
4 path.c:254 0x4a5e539 24
2 path.c:128 0x4a5ec59 24
1 dynarray.c:84 0x4a5ecc9 24
2 dynarray.c:95 0x4a5ed39 16
2 path.c:90 0x4a5ed99 6
2 path.c:90 0x4a5ede9 4
2 path.c:90 0x4a5ee39 5
3 dynarray.c:69 0x4a5ee89 0x4a5ed39 16 32
1 path.c:143 0x4a5eef9 15
2 path.c:178 0x4a5ef59 24
1 dynarray.c:84 0x4a5efc9 24
2 dynarray.c:95 0x4a5f039 16
2 path.c:191 0x4a5f099 15
2 path.c:205 0x4a5f0f9 6
3 path.c:223 0x4a5f149 0x4a5f099 15 6
4 path.c:246 0x4a5f149 6
4 path.c:31 0x4a5f0f9 6
4 dynarray.c:112 0x4a5f039 16
4 dynarray.c:113 0x4a5efc9 24
4 path.c:254 0x4a5ef59 24
2 path.c:178 0x4a5f199 24
1 dynarray.c:84 0x4a5f209 24
2 dynarray.c:95 0x4a5f279 16
2 path.c:191 0x4a5f2d9 15
2 path.c:205 0x4a5f339 6
2 path.c:205 0x4a5f389 4
3 path.c:223 0x4a5f3d9 0x4a5f2d9 15 10
4 path.c:246 0x4a5f3d9 10
4 path.c:31 0x4a5f339 6
4 path.c:31 0x4a5f389 4
4 dynarray.c:112 0x4a5f279 16
4 dynarray.c:113 0x4a5f209 24
4 path.c:254 0x4a5f199 24
4 path.c:246 0x4a5eef9 15
4 path.c:31 0x4a5ed99 6
4 path.c:31 0x4a5ede9 4
4 path.c:31 0x4a5ee39 5
4 dynarray.c:112 0x4a5ee89 32
4 dynarray.c:113 0x4a5ecc9 24
4 path.c:254 0x4a5ec59 24
2 path.c:128 0x4a5f439 24
1 dynarray.c:84 0x4a5f4a9 24
2 dynarray.c:95 0x4a5f519 16
2 path.c:90 0x4a5f579 6
2 path.c:90 0x4a5f5c9 4
2 path.c:90 0x4a5f619 5
3 dynarray.c:69 0x4a5f669 0x4a5f519 16 32
2 path.c:90 0x4a5f6d9 7
1 path.c:143 0x4a5f739 22
2 path.c:178 0x4a5f799 24
1 dynarray.c:84 0x4a5f809 24
2 dynarray.c:95 0x4a5f879 16
2 path.c:191 0x4a5f8d9 22
2 path.c:205 0x4a5f939 6
3 path.c:223 0x4a5f989 0x4a5f8d9 22 6
4 path.c:246 0x4a5f989 6
4 path.c:31 0x4a5f939 6
4 dynarray.c:112 0x4a5f879 16
4 dynarray.c:113 0x4a5f809 24
4 path.c:254 0x4a5f799 24
2 path.c:178 0x4a5f9d9 24
1 dynarray.c:84 0x4a5fa49 24
2 dynarray.c:95 0x4a5fab9 16
2 path.c:191 0x4a5fb19 22
2 path.c:205 0x4a5fb79 6
2 path.c:205 0x4a5fbc9 4
3 path.c:223 0x4a5fc19 0x4a5fb19 22 10
4 path.c:246 0x4a5fc19 10
4 path.c:31 0x4a5fb79 6
4 path.c:31 0x4a5fbc9 4
4 dynarray.c:112 0x4a5fab9 16
4 dynarray.c:113 0x4a5fa49 24
4 path.c:254 0x4a5f9d9 24
4 path.c:246 0x4a5f739 22
4 path.c:31 0x4a5f579 6
4 path.c:31 0x4a5f5c9 4
4 path.c:31 0x4a5f619 5
4 path.c:31 0x4a5f6d9 7
4 dynarray.c:112 0x4a5f669 32
4 dynarray.c:113 0x4a5f4a9 24
4 path.c:254 0x4a5f439 24
1 dynarray.c:84 0x4a5fc79 24
2 dynarray.c:95 0x4a5fce9 32
1 bdtBad4.c:663 0x4a5fd59 55
4 dynarray.c:112 0x4a5fce9 32
4 dynarray.c:113 0x4a5fc79 24
6 bdt_client.c:83 0x4a5fd59
4 bdt_client.c:83 0x4a5fd59 55
2 path.c:128 0x4a5fde9 24
1 dynarray.c:84 0x4a5fe59 24
2 dynarray.c:95 0x4a5fec9 16
2 path.c:90 0x4a5ff29 6
2 path.c:90 0x4a5ff79 7
2 path.c:90 0x4a5ffd9 12
3 dynarray.c:69 0x4a60039 0x4a5fec9 16 32
1 path.c:143 0x4a600a9 25
2 path.c:178 0x4a60119 24
1 dynarray.c:84 0x4a60189 24
2 dynarray.c:95 0x4a601f9 16
2 path.c:191 0x4a60259 25
2 path.c:205 0x4a602c9 6
3 path.c:223 0x4a60319 0x4a60259 25 6
4 path.c:246 0x4a60319 6
4 path.c:31 0x4a602c9 6
4 dynarray.c:112 0x4a601f9 16
4 dynarray.c:113 0x4a60189 24
4 path.c:254 0x4a60119 24
2 path.c:178 0x4a60369 24
1 dynarray.c:84 0x4a603d9 24
2 dynarray.c:95 0x4a60449 16
2 path.c:191 0x4a604a9 25
2 path.c:205 0x4a60519 6
2 path.c:205 0x4a60569 7
3 path.c:223 0x4a605c9 0x4a604a9 25 13
4 path.c:246 0x4a605c9 13
4 path.c:31 0x4a60519 6
4 path.c:31 0x4a60569 7
4 dynarray.c:112 0x4a60449 16
4 dynarray.c:113 0x4a603d9 24
4 path.c:254 0x4a60369 24
2 path.c:178 0x4a60629 24
1 dynarray.c:84 0x4a60699 24
2 dynarray.c:95 0x4a60709 24
2 path.c:191 0x4a60779 25
2 path.c:205 0x4a607e9 6
2 path.c:205 0x4a60839 7
2 path.c:205 0x4a60899 12
3 path.c:223 0x4a608f9 0x4a60779 25 25
4 path.c:246 0x4a608f9 25
4 path.c:31 0x4a607e9 6
4 path.c:31 0x4a60839 7
4 path.c:31 0x4a60899 12
4 dynarray.c:112 0x4a60709 24
4 dynarray.c:113 0x4a60699 24
4 path.c:254 0x4a60629 24
4 path.c:246 0x4a600a9 25
4 path.c:31 0x4a5ff29 6
4 path.c:31 0x4a5ff79 7
4 path.c:31 0x4a5ffd9 12
4 dynarray.c:112 0x4a60039 32
4 dynarray.c:113 0x4a5fe59 24
4 path.c:254 0x4a5fde9 24
2 path.c:128 0x4a60969 24
1 dynarray.c:84 0x4a609d9 24
2 dynarray.c:95 0x4a60a49 16
2 path.c:90 0x4a60aa9 6
2 path.c:90 0x4a60af9 8
2 path.c:90 0x4a60b59 12
3 dynarray.c:69 0x4a60bb9 0x4a60a49 16 32
1 path.c:143 0x4a60c29 26
2 path.c:178 0x4a60c99 24
1 dynarray.c:84 0x4a60d09 24
2 dynarray.c:95 0x4a60d79 16
2 path.c:191 0x4a60dd9 26
2 path.c:205 0x4a60e49 6
3 path.c:223 0x4a60e99 0x4a60dd9 26 6
4 path.c:246 0x4a60e99 6
4 path.c:31 0x4a60e49 6
4 dynarray.c:112 0x4a60d79 16
4 dynarray.c:113 0x4a60d09 24
4 path.c:254 0x4a60c99 24
2 path.c:178 0x4a60ee9 24
1 dynarray.c:84 0x4a60f59 24
2 dynarray.c:95 0x4a60fc9 16
2 path.c:191 0x4a61029 26
2 path.c:205 0x4a61099 6
2 path.c:205 0x4a610e9 8
3 path.c:223 0x4a61149 0x4a61029 26 14
4 path.c:246 0x4a61149 14
4 path.c:31 0x4a61099 6
4 path.c:31 0x4a610e9 8
4 dynarray.c:112 0x4a60fc9 16
4 dynarray.c:113 0x4a60f59 24
4 path.c:254 0x4a60ee9 24
2 path.c:178 0x4a611a9 24
1 dynarray.c:84 0x4a61219 24
2 dynarray.c:95 0x4a61289 24
2 path.c:191 0x4a612f9 26
2 path.c:205 0x4a61369 6
2 path.c:205 0x4a613b9 8
2 path.c:205 0x4a61419 12
3 path.c:223 0x4a61479 0x4a612f9 26 26
4 path.c:246 0x4a61479 26
4 path.c:31 0x4a61369 6
4 path.c:31 0x4a613b9 8
4 path.c:31 0x4a61419 12
4 dynarray.c:112 0x4a61289 24
4 dynarray.c:113 0x4a61219 24
4 path.c:254 0x4a611a9 24
4 path.c:246 0x4a60c29 26
4 path.c:31 0x4a60aa9 6
4 path.c:31 0x4a60af9 8
4 path.c:31 0x4a60b59 12
4 dynarray.c:112 0x4a60bb9 32
4 dynarray.c:113 0x4a609d9 24
4 path.c:254 0x4a60969 24
2 path.c:128 0x4a614e9 24
1 dynarray.c:84 0x4a61559 24
2 dynarray.c:95 0x4a615c9 16
2 path.c:90 0x4a61629 6
2 path.c:90 0x4a61679 8
2 path.c:90 0x4a616d9 12
3 dynarray.c:69 0x4a61739 0x4a615c9 16 32
1 path.c:143 0x4a617a9 26
2 path.c:178 0x4a61819 24
1 dynarray.c:84 0x4a61889 24
2 dynarray.c:95 0x4a618f9 16
2 path.c:191 0x4a61959 26
2 path.c:205 0x4a619c9 6
3 path.c:223 0x4a61a19 0x4a61959 26 6
4 path.c:246 0x4a61a19 6
4 path.c:31 0x4a619c9 6
4 dynarray.c:112 0x4a618f9 16
4 dynarray.c:113 0x4a61889 24
4 path.c:254 0x4a61819 24
2 path.c:178 0x4a61a69 24
1 dynarray.c:84 0x4a61ad9 24
2 dynarray.c:95 0x4a61b49 16
2 path.c:191 0x4a61ba9 26
2 path.c:205 0x4a61c19 6
2 path.c:205 0x4a61c69 8
3 path.c:223 0x4a61cc9 0x4a61ba9 26 14
4 path.c:246 0x4a61cc9 14
4 path.c:31 0x4a61c19 6
4 path.c:31 0x4a61c69 8
4 dynarray.c:112 0x4a61b49 16
4 dynarray.c:113 0x4a61ad9 24
4 path.c:254 0x4a61a69 24
2 path.c:178 0x4a61d29 24
1 dynarray.c:84 0x4a61d99 24
2 dynarray.c:95 0x4a61e09 24
2 path.c:191 0x4a61e79 26
2 path.c:205 0x4a61ee9 6
2 path.c:205 0x4a61f39 8
2 path.c:205 0x4a61f99 12
3 path.c:223 0x4a61ff9 0x4a61e79 26 26
4 path.c:246 0x4a61ff9 26
4 path.c:31 0x4a61ee9 6
4 path.c:31 0x4a61f39 8
4 path.c:31 0x4a61f99 12
4 dynarray.c:112 0x4a61e09 24
4 dynarray.c:113 0x4a61d99 24
4 path.c:254 0x4a61d29 24
2 path.c:178 0x4a62069 24
1 dynarray.c:84 0x4a620d9 24
2 dynarray.c:95 0x4a62149 24
2 path.c:191 0x4a621b9 26
2 path.c:205 0x4a62229 6
2 path.c:205 0x4a62279 8
2 path.c:205 0x4a622d9 12
3 path.c:223 0x4a62339 0x4a621b9 26 26
1 bdtBad4.c:143 0x4a623a9 32
2 path.c:178 0x4a62419 24
1 dynarray.c:84 0x4a62489 24
2 dynarray.c:95 0x4a624f9 24
2 path.c:191 0x4a62569 26
2 path.c:205 0x4a625d9 6
2 path.c:205 0x4a62629 8
2 path.c:205 0x4a62689 12
3 path.c:223 0x4a626e9 0x4a62569 26 26
4 path.c:246 0x4a62339 26
4 path.c:31 0x4a62229 6
4 path.c:31 0x4a62279 8
4 path.c:31 0x4a622d9 12
4 dynarray.c:112 0x4a62149 24
4 dynarray.c:113 0x4a620d9 24
4 path.c:254 0x4a62069 24
4 path.c:246 0x4a617a9 26
4 path.c:31 0x4a61629 6
4 path.c:31 0x4a61679 8
4 path.c:31 0x4a616d9 12
4 dynarray.c:112 0x4a61739 32
4 dynarray.c:113 0x4a61559 24
4 path.c:254 0x4a614e9 24
2 path.c:128 0x4a62759 24
1 dynarray.c:84 0x4a627c9 24
2 dynarray.c:95 0x4a62839 16
2 path.c:90 0x4a62899 6
2 path.c:90 0x4a628e9 7
2 path.c:90 0x4a62949 12
3 dynarray.c:69 0x4a629a9 0x4a62839 16 32
1 path.c:143 0x4a62a19 25
2 path.c:178 0x4a62a89 24
1 dynarray.c:84 0x4a62af9 24
2 dynarray.c:95 0x4a62b69 16
2 path.c:191 0x4a62bc9 25
2 path.c:205 0x4a62c39 6
3 path.c:223 0x4a62c89 0x4a62bc9 25 6
4 path.c:246 0x4a62c89 6
4 path.c:31 0x4a62c39 6
4 dynarray.c:112 0x4a62b69 16
4 dynarray.c:113 0x4a62af9 24
4 path.c:254 0x4a62a89 24
2 path.c:178 0x4a62cd9 24
1 dynarray.c:84 0x4a62d49 24
2 dynarray.c:95 0x4a62db9 16
2 path.c:191 0x4a62e19 25
2 path.c:205 0x4a62e89 6
2 path.c:205 0x4a62ed9 7
3 path.c:223 0x4a62f39 0x4a62e19 25 13
4 path.c:246 0x4a62f39 13
4 path.c:31 0x4a62e89 6
4 path.c:31 0x4a62ed9 7
4 dynarray.c:112 0x4a62db9 16
4 dynarray.c:113 0x4a62d49 24
4 path.c:254 0x4a62cd9 24
2 path.c:178 0x4a62f99 24
1 dynarray.c:84 0x4a63009 24
2 dynarray.c:95 0x4a63079 24
2 path.c:191 0x4a630e9 25
2 path.c:205 0x4a63159 6
2 path.c:205 0x4a631a9 7
2 path.c:205 0x4a63209 12
3 path.c:223 0x4a63269 0x4a630e9 25 25
4 path.c:246 0x4a63269 25
4 path.c:31 0x4a63159 6
4 path.c:31 0x4a631a9 7
4 path.c:31 0x4a63209 12
4 dynarray.c:112 0x4a63079 24
4 dynarray.c:113 0x4a63009 24
4 path.c:254 0x4a62f99 24
4 path.c:246 0x4a62a19 25
4 path.c:31 0x4a62899 6
4 path.c:31 0x4a628e9 7
4 path.c:31 0x4a62949 12
4 dynarray.c:112 0x4a629a9 32
4 dynarray.c:113 0x4a627c9 24
4 path.c:254 0x4a62759 24
2 path.c:128 0x4a632d9 24
1 dynarray.c:84 0x4a63349 24
2 dynarray.c:95 0x4a633b9 16
2 path.c:90 0x4a63419 6
2 path.c:90 0x4a63469 8
2 path.c:90 0x4a634c9 12
3 dynarray.c:69 0x4a63529 0x4a633b9 16 32
1 path.c:143 0x4a63599 26
2 path.c:178 0x4a63609 24
1 dynarray.c:84 0x4a63679 24
2 dynarray.c:95 0x4a636e9 16
2 path.c:191 0x4a63749 26
2 path.c:205 0x4a637b9 6
3 path.c:223 0x4a63809 0x4a63749 26 6
4 path.c:246 0x4a63809 6
4 path.c:31 0x4a637b9 6
4 dynarray.c:112 0x4a636e9 16
4 dynarray.c:113 0x4a63679 24
4 path.c:254 0x4a63609 24
2 path.c:178 0x4a63859 24
1 dynarray.c:84 0x4a638c9 24
2 dynarray.c:95 0x4a63939 16
2 path.c:191 0x4a63999 26
2 path.c:205 0x4a63a09 6
2 path.c:205 0x4a63a59 8
3 path.c:223 0x4a63ab9 0x4a63999 26 14
4 path.c:246 0x4a63ab9 14
4 path.c:31 0x4a63a09 6
4 path.c:31 0x4a63a59 8
4 dynarray.c:112 0x4a63939 16
4 dynarray.c:113 0x4a638c9 24
4 path.c:254 0x4a63859 24
2 path.c:178 0x4a63b19 24
1 dynarray.c:84 0x4a63b89 24
2 dynarray.c:95 0x4a63bf9 24
2 path.c:191 0x4a63c69 26
2 path.c:205 0x4a63cd9 6
2 path.c:205 0x4a63d29 8
2 path.c:205 0x4a63d89 12
3 path.c:223 0x4a63de9 0x4a63c69 26 26
4 path.c:246 0x4a63de9 26
4 path.c:31 0x4a63cd9 6
4 path.c:31 0x4a63d29 8
4 path.c:31 0x4a63d89 12
4 dynarray.c:112 0x4a63bf9 24
4 dynarray.c:113 0x4a63b89 24
4 path.c:254 0x4a63b19 24
4 path.c:246 0x4a63599 26
4 path.c:31 0x4a63419 6
4 path.c:31 0x4a63469 8
4 path.c:31 0x4a634c9 12
4 dynarray.c:112 0x4a63529 32
4 dynarray.c:113 0x4a63349 24
4 path.c:254 0x4a632d9 24
2 path.c:128 0x4a63e59 24
1 dynarray.c:84 0x4a63ec9 24
2 dynarray.c:95 0x4a63f39 16
2 path.c:90 0x4a63f99 6
2 path.c:90 0x4a63fe9 8
2 path.c:90 0x4a64049 12
3 dynarray.c:69 0x4a640a9 0x4a63f39 16 32
1 path.c:143 0x4a64119 26
2 path.c:178 0x4a64189 24
1 dynarray.c:84 0x4a641f9 24
2 dynarray.c:95 0x4a64269 16
2 path.c:191 0x4a642c9 26
2 path.c:205 0x4a64339 6
3 path.c:223 0x4a64389 0x4a642c9 26 6
4 path.c:246 0x4a64389 6
4 path.c:31 0x4a64339 6
4 dynarray.c:112 0x4a64269 16
4 dynarray.c:113 0x4a641f9 24
4 path.c:254 0x4a64189 24
2 path.c:178 0x4a643d9 24
1 dynarray.c:84 0x4a64449 24
2 dynarray.c:95 0x4a644b9 16
2 path.c:191 0x4a64519 26
2 path.c:205 0x4a64589 6
2 path.c:205 0x4a645d9 8
3 path.c:223 0x4a64639 0x4a64519 26 14
4 path.c:246 0x4a64639 14
4 path.c:31 0x4a64589 6
4 path.c:31 0x4a645d9 8
4 dynarray.c:112 0x4a644b9 16
4 dynarray.c:113 0x4a64449 24
4 path.c:254 0x4a643d9 24
2 path.c:178 0x4a64699 24
1 dynarray.c:84 0x4a64709 24
2 dynarray.c:95 0x4a64779 24
2 path.c:191 0x4a647e9 26
2 path.c:205 0x4a64859 6
2 path.c:205 0x4a648a9 8
2 path.c:205 0x4a64909 12
3 path.c:223 0x4a64969 0x4a647e9 26 26
4 path.c:246 0x4a64969 26
4 path.c:31 0x4a64859 6
4 path.c:31 0x4a648a9 8
4 path.c:31 0x4a64909 12
4 dynarray.c:112 0x4a64779 24
4 dynarray.c:113 0x4a64709 24
4 path.c:254 0x4a64699 24
4 path.c:246 0x4a64119 26
4 path.c:31 0x4a63f99 6
4 path.c:31 0x4a63fe9 8
4 path.c:31 0x4a64049 12
4 dynarray.c:112 0x4a640a9 32
4 dynarray.c:113 0x4a63ec9 24
4 path.c:254 0x4a63e59 24
2 path.c:128 0x4a649d9 24
1 dynarray.c:84 0x4a64a49 24
2 dynarray.c:95 0x4a64ab9 16
2 path.c:90 0x4a64b19 6
2 path.c:90 0x4a64b69 8
2 path.c:90 0x4a64bc9 12
3 dynarray.c:69 0x4a64c29 0x4a64ab9 16 32
2 path.c:90 0x4a64c99 6
1 path.c:143 0x4a64ce9 32
2 path.c:178 0x4a64d59 24
1 dynarray.c:84 0x4a64dc9 24
2 dynarray.c:95 0x4a64e39 16
2 path.c:191 0x4a64e99 32
2 path.c:205 0x4a64f09 6
3 path.c:223 0x4a64f59 0x4a64e99 32 6
4 path.c:246 0x4a64f59 6
4 path.c:31 0x4a64f09 6
4 dynarray.c:112 0x4a64e39 16
4 dynarray.c:113 0x4a64dc9 24
4 path.c:254 0x4a64d59 24
2 path.c:178 0x4a64fa9 24
1 dynarray.c:84 0x4a65019 24
2 dynarray.c:95 0x4a65089 16
2 path.c:191 0x4a650e9 32
2 path.c:205 0x4a65159 6
2 path.c:205 0x4a651a9 8
3 path.c:223 0x4a65209 0x4a650e9 32 14
4 path.c:246 0x4a65209 14
4 path.c:31 0x4a65159 6
4 path.c:31 0x4a651a9 8
4 dynarray.c:112 0x4a65089 16
4 dynarray.c:113 0x4a65019 24
4 path.c:254 0x4a64fa9 24
2 path.c:178 0x4a65269 24
1 dynarray.c:84 0x4a652d9 24
2 dynarray.c:95 0x4a65349 24
2 path.c:191 0x4a653b9 32
2 path.c:205 0x4a65429 6
2 path.c:205 0x4a65479 8
2 path.c:205 0x4a654d9 12
3 path.c:223 0x4a65539 0x4a653b9 32 26
4 path.c:246 0x4a65539 26
4 path.c:31 0x4a65429 6
4 path.c:31 0x4a65479 8
4 path.c:31 0x4a654d9 12
4 dynarray.c:112 0x4a65349 24
4 dynarray.c:113 0x4a652d9 24
4 path.c:254 0x4a65269 24
2 path.c:178 0x4a655a9 24
1 dynarray.c:84 0x4a65619 24
2 dynarray.c:95 0x4a65689 32
2 path.c:191 0x4a656f9 32
2 path.c:205 0x4a65769 6
2 path.c:205 0x4a657b9 8
2 path.c:205 0x4a65819 12
2 path.c:205 0x4a65879 6
3 path.c:223 0x4a658c9 0x4a656f9 32 32
4 path.c:246 0x4a658c9 32
4 path.c:31 0x4a65769 6
4 path.c:31 0x4a657b9 8
4 path.c:31 0x4a65819 12
4 path.c:31 0x4a65879 6
4 dynarray.c:112 0x4a65689 32
4 dynarray.c:113 0x4a65619 24
4 path.c:254 0x4a655a9 24
2 path.c:178 0x4a65939 24
1 dynarray.c:84 0x4a659a9 24
2 dynarray.c:95 0x4a65a19 32
2 path.c:191 0x4a65a89 32
2 path.c:205 0x4a65af9 6
2 path.c:205 0x4a65b49 8
2 path.c:205 0x4a65ba9 12
2 path.c:205 0x4a65c09 6
3 path.c:223 0x4a65c59 0x4a65a89 32 32
1 bdtBad4.c:143 0x4a65cc9 32
2 path.c:178 0x4a65d39 24
1 dynarray.c:84 0x4a65da9 24
2 dynarray.c:95 0x4a65e19 32
2 path.c:191 0x4a65e89 32
2 path.c:205 0x4a65ef9 6
2 path.c:205 0x4a65f49 8
2 path.c:205 0x4a65fa9 12
2 path.c:205 0x4a66009 6
3 path.c:223 0x4a66059 0x4a65e89 32 32
4 path.c:246 0x4a65c59 32
4 path.c:31 0x4a65af9 6
4 path.c:31 0x4a65b49 8
4 path.c:31 0x4a65ba9 12
4 path.c:31 0x4a65c09 6
4 dynarray.c:112 0x4a65a19 32
4 dynarray.c:113 0x4a659a9 24
4 path.c:254 0x4a65939 24
4 path.c:246 0x4a64ce9 32
4 path.c:31 0x4a64b19 6
4 path.c:31 0x4a64b69 8
4 path.c:31 0x4a64bc9 12
4 path.c:31 0x4a64c99 6
4 dynarray.c:112 0x4a64c29 32
4 dynarray.c:113 0x4a64a49 24
4 path.c:254 0x4a649d9 24
2 path.c:128 0x4a660c9 24
1 dynarray.c:84 0x4a66139 24
2 dynarray.c:95 0x4a661a9 16
2 path.c:90 0x4a66209 6
2 path.c:90 0x4a66259 8
2 path.c:90 0x4a662b9 12
3 dynarray.c:69 0x4a66319 0x4a661a9 16 32
2 path.c:90 0x4a66389 6
1 path.c:143 0x4a663d9 32
2 path.c:178 0x4a66449 24
1 dynarray.c:84 0x4a664b9 24
2 dynarray.c:95 0x4a66529 16
2 path.c:191 0x4a66589 32
2 path.c:205 0x4a665f9 6
3 path.c:223 0x4a66649 0x4a66589 32 6
4 path.c:246 0x4a66649 6
4 path.c:31 0x4a665f9 6
4 dynarray.c:112 0x4a66529 16
4 dynarray.c:113 0x4a664b9 24
4 path.c:254 0x4a66449 24
2 path.c:178 0x4a66699 24
1 dynarray.c:84 0x4a66709 24
2 dynarray.c:95 0x4a66779 16
2 path.c:191 0x4a667d9 32
2 path.c:205 0x4a66849 6
2 path.c:205 0x4a66899 8
3 path.c:223 0x4a668f9 0x4a667d9 32 14
4 path.c:246 0x4a668f9 14
4 path.c:31 0x4a66849 6
4 path.c:31 0x4a66899 8
4 dynarray.c:112 0x4a66779 16
4 dynarray.c:113 0x4a66709 24
4 path.c:254 0x4a66699 24
2 path.c:178 0x4a66959 24
1 dynarray.c:84 0x4a669c9 24
2 dynarray.c:95 0x4a66a39 24
2 path.c:191 0x4a66aa9 32
2 path.c:205 0x4a66b19 6
2 path.c:205 0x4a66b69 8
2 path.c:205 0x4a66bc9 12
3 path.c:223 0x4a66c29 0x4a66aa9 32 26
4 path.c:246 0x4a66c29 26
4 path.c:31 0x4a66b19 6
4 path.c:31 0x4a66b69 8
4 path.c:31 0x4a66bc9 12
4 dynarray.c:112 0x4a66a39 24
4 dynarray.c:113 0x4a669c9 24
4 path.c:254 0x4a66959 24
2 path.c:178 0x4a66c99 24
1 dynarray.c:84 0x4a66d09 24
2 dynarray.c:95 0x4a66d79 32
2 path.c:191 0x4a66de9 32
2 path.c:205 0x4a66e59 6
2 path.c:205 0x4a66ea9 8
2 path.c:205 0x4a66f09 12
2 path.c:205 0x4a66f69 6
3 path.c:223 0x4a66fb9 0x4a66de9 32 32
4 path.c:246 0x4a66fb9 32
4 path.c:31 0x4a66e59 6
4 path.c:31 0x4a66ea9 8
4 path.c:31 0x4a66f09 12
4 path.c:31 0x4a66f69 6
4 dynarray.c:112 0x4a66d79 32
4 dynarray.c:113 0x4a66d09 24
4 path.c:254 0x4a66c99 24
4 path.c:246 0x4a663d9 32
4 path.c:31 0x4a66209 6
4 path.c:31 0x4a66259 8
4 path.c:31 0x4a662b9 12
4 path.c:31 0x4a66389 6
4 dynarray.c:112 0x4a66319 32
4 dynarray.c:113 0x4a66139 24
4 path.c:254 0x4a660c9 24
1 dynarray.c:84 0x4a67029 24
2 dynarray.c:95 0x4a67099 48
1 bdtBad4.c:663 0x4a67119 111
4 dynarray.c:112 0x4a67099 48
4 dynarray.c:113 0x4a67029 24
6 bdt_client.c:97 0x4a67119
4 bdt_client.c:97 0x4a67119 111
2 path.c:128 0x4a671d9 24
1 dynarray.c:84 0x4a67249 24
2 dynarray.c:95 0x4a672b9 16
2 path.c:90 0x4a67319 6
2 path.c:90 0x4a67369 8
2 path.c:90 0x4a673c9 12
3 dynarray.c:69 0x4a67429 0x4a672b9 16 32
2 path.c:90 0x4a67499 6
1 path.c:143 0x4a674e9 32
2 path.c:178 0x4a67559 24
1 dynarray.c:84 0x4a675c9 24
2 dynarray.c:95 0x4a67639 16
2 path.c:191 0x4a67699 32
2 path.c:205 0x4a67709 6
3 path.c:223 0x4a67759 0x4a67699 32 6
4 path.c:246 0x4a67759 6
4 path.c:31 0x4a67709 6
4 dynarray.c:112 0x4a67639 16
4 dynarray.c:113 0x4a675c9 24
4 path.c:254 0x4a67559 24
2 path.c:178 0x4a677a9 24
1 dynarray.c:84 0x4a67819 24
2 dynarray.c:95 0x4a67889 16
2 path.c:191 0x4a678e9 32
2 path.c:205 0x4a67959 6
2 path.c:205 0x4a679a9 8
3 path.c:223 0x4a67a09 0x4a678e9 32 14
4 path.c:246 0x4a67a09 14
4 path.c:31 0x4a67959 6
4 path.c:31 0x4a679a9 8
4 dynarray.c:112 0x4a67889 16
4 dynarray.c:113 0x4a67819 24
4 path.c:254 0x4a677a9 24
2 path.c:178 0x4a67a69 24
1 dynarray.c:84 0x4a67ad9 24
2 dynarray.c:95 0x4a67b49 24
2 path.c:191 0x4a67bb9 32
2 path.c:205 0x4a67c29 6
2 path.c:205 0x4a67c79 8
2 path.c:205 0x4a67cd9 12
3 path.c:223 0x4a67d39 0x4a67bb9 32 26
4 path.c:246 0x4a67d39 26
4 path.c:31 0x4a67c29 6
4 path.c:31 0x4a67c79 8
4 path.c:31 0x4a67cd9 12
4 dynarray.c:112 0x4a67b49 24
4 dynarray.c:113 0x4a67ad9 24
4 path.c:254 0x4a67a69 24
2 path.c:178 0x4a67da9 24
1 dynarray.c:84 0x4a67e19 24
2 dynarray.c:95 0x4a67e89 32
2 path.c:191 0x4a67ef9 32
2 path.c:205 0x4a67f69 6
2 path.c:205 0x4a67fb9 8
2 path.c:205 0x4a68019 12
2 path.c:205 0x4a68079 6
3 path.c:223 0x4a680c9 0x4a67ef9 32 32
4 path.c:246 0x4a680c9 32
4 path.c:31 0x4a67f69 6
4 path.c:31 0x4a67fb9 8
4 path.c:31 0x4a68019 12
4 path.c:31 0x4a68079 6
4 dynarray.c:112 0x4a67e89 32
4 dynarray.c:113 0x4a67e19 24
4 path.c:254 0x4a67da9 24
4 path.c:246 0x4a674e9 32
4 path.c:31 0x4a67319 6
4 path.c:31 0x4a67369 8
4 path.c:31 0x4a673c9 12
4 path.c:31 0x4a67499 6
4 dynarray.c:112 0x4a67429 32
4 dynarray.c:113 0x4a67249 24
4 path.c:254 0x4a671d9 24
2 path.c:128 0x4a68139 24
1 dynarray.c:84 0x4a681a9 24
2 dynarray.c:95 0x4a68219 16
2 path.c:90 0x4a68279 6
2 path.c:90 0x4a682c9 8
2 path.c:90 0x4a68329 8
3 dynarray.c:69 0x4a68389 0x4a68219 16 32
1 path.c:143 0x4a683f9 22
2 path.c:178 0x4a68459 24
1 dynarray.c:84 0x4a684c9 24
2 dynarray.c:95 0x4a68539 16
2 path.c:191 0x4a68599 22
2 path.c:205 0x4a685f9 6
3 path.c:223 0x4a68649 0x4a68599 22 6
4 path.c:246 0x4a68649 6
4 path.c:31 0x4a685f9 6
4 dynarray.c:112 0x4a68539 16
4 dynarray.c:113 0x4a684c9 24
4 path.c:254 0x4a68459 24
2 path.c:178 0x4a68699 24
1 dynarray.c:84 0x4a68709 24
2 dynarray.c:95 0x4a68779 16
2 path.c:191 0x4a687d9 22
2 path.c:205 0x4a68839 6
2 path.c:205 0x4a68889 8
3 path.c:223 0x4a688e9 0x4a687d9 22 14
4 path.c:246 0x4a688e9 14
4 path.c:31 0x4a68839 6
4 path.c:31 0x4a68889 8
4 dynarray.c:112 0x4a68779 16
4 dynarray.c:113 0x4a68709 24
4 path.c:254 0x4a68699 24
2 path.c:178 0x4a68949 24
1 dynarray.c:84 0x4a689b9 24
2 dynarray.c:95 0x4a68a29 24
2 path.c:191 0x4a68a99 22
2 path.c:205 0x4a68af9 6
2 path.c:205 0x4a68b49 8
2 path.c:205 0x4a68ba9 8
3 path.c:223 0x4a68c09 0x4a68a99 22 22
4 path.c:246 0x4a68c09 22
4 path.c:31 0x4a68af9 6
4 path.c:31 0x4a68b49 8
4 path.c:31 0x4a68ba9 8
4 dynarray.c:112 0x4a68a29 24
4 dynarray.c:113 0x4a689b9 24
4 path.c:254 0x4a68949 24
4 path.c:246 0x4a683f9 22
4 path.c:31 0x4a68279 6
4 path.c:31 0x4a682c9 8
4 path.c:31 0x4a68329 8
4 dynarray.c:112 0x4a68389 32
4 dynarray.c:113 0x4a681a9 24
4 path.c:254 0x4a68139 24
2 path.c:128 0x4a68c69 24
1 dynarray.c:84 0x4a68cd9 24
2 dynarray.c:95 0x4a68d49 16
2 path.c:90 0x4a68da9 6
2 path.c:90 0x4a68df9 8
2 path.c:90 0x4a68e59 8
3 dynarray.c:69 0x4a68eb9 0x4a68d49 16 32
1 path.c:143 0x4a68f29 22
2 path.c:178 0x4a68f89 24
1 dynarray.c:84 0x4a68ff9 24
2 dynarray.c:95 0x4a69069 16
2 path.c:191 0x4a690c9 22
2 path.c:205 0x4a69129 6
3 path.c:223 0x4a69179 0x4a690c9 22 6
4 path.c:246 0x4a69179 6
4 path.c:31 0x4a69129 6
4 dynarray.c:112 0x4a69069 16
4 dynarray.c:113 0x4a68ff9 24
4 path.c:254 0x4a68f89 24
2 path.c:178 0x4a691c9 24
1 dynarray.c:84 0x4a69239 24
2 dynarray.c:95 0x4a692a9 16
2 path.c:191 0x4a69309 22
2 path.c:205 0x4a69369 6
2 path.c:205 0x4a693b9 8
3 path.c:223 0x4a69419 0x4a69309 22 14
4 path.c:246 0x4a69419 14
4 path.c:31 0x4a69369 6
4 path.c:31 0x4a693b9 8
4 dynarray.c:112 0x4a692a9 16
4 dynarray.c:113 0x4a69239 24
4 path.c:254 0x4a691c9 24
2 path.c:178 0x4a69479 24
1 dynarray.c:84 0x4a694e9 24
2 dynarray.c:95 0x4a69559 24
2 path.c:191 0x4a695c9 22
2 path.c:205 0x4a69629 6
2 path.c:205 0x4a69679 8
2 path.c:205 0x4a696d9 8
3 path.c:223 0x4a69739 0x4a695c9 22 22
4 path.c:246 0x4a69739 22
4 path.c:31 0x4a69629 6
4 path.c:31 0x4a69679 8
4 path.c:31 0x4a696d9 8
4 dynarray.c:112 0x4a69559 24
4 dynarray.c:113 0x4a694e9 24
4 path.c:254 0x4a69479 24
4 path.c:246 0x4a68f29 22
4 path.c:31 0x4a68da9 6
4 path.c:31 0x4a68df9 8
4 path.c:31 0x4a68e59 8
4 dynarray.c:112 0x4a68eb9 32
4 dynarray.c:113 0x4a68cd9 24
4 path.c:254 0x4a68c69 24
2 path.c:128 0x4a69799 24
1 dynarray.c:84 0x4a69809 24
2 dynarray.c:95 0x4a69879 16
2 path.c:90 0x4a698d9 6
2 path.c:90 0x4a69929 8
2 path.c:90 0x4a69989 8
3 dynarray.c:69 0x4a699e9 0x4a69879 16 32
1 path.c:143 0x4a69a59 22
2 path.c:178 0x4a69ab9 24
1 dynarray.c:84 0x4a69b29 24
2 dynarray.c:95 0x4a69b99 16
2 path.c:191 0x4a69bf9 22
2 path.c:205 0x4a69c59 6
3 path.c:223 0x4a69ca9 0x4a69bf9 22 6
4 path.c:246 0x4a69ca9 6
4 path.c:31 0x4a69c59 6
4 dynarray.c:112 0x4a69b99 16
4 dynarray.c:113 0x4a69b29 24
4 path.c:254 0x4a69ab9 24
2 path.c:178 0x4a69cf9 24
1 dynarray.c:84 0x4a69d69 24
2 dynarray.c:95 0x4a69dd9 16
2 path.c:191 0x4a69e39 22
2 path.c:205 0x4a69e99 6
2 path.c:205 0x4a69ee9 8
3 path.c:223 0x4a69f49 0x4a69e39 22 14
4 path.c:246 0x4a69f49 14
4 path.c:31 0x4a69e99 6
4 path.c:31 0x4a69ee9 8
4 dynarray.c:112 0x4a69dd9 16
4 dynarray.c:113 0x4a69d69 24
4 path.c:254 0x4a69cf9 24
2 path.c:178 0x4a69fa9 24
1 dynarray.c:84 0x4a6a019 24
2 dynarray.c:95 0x4a6a089 24
2 path.c:191 0x4a6a0f9 22
2 path.c:205 0x4a6a159 6
2 path.c:205 0x4a6a1a9 8
2 path.c:205 0x4a6a209 8
3 path.c:223 0x4a6a269 0x4a6a0f9 22 22
4 path.c:246 0x4a6a269 22
4 path.c:31 0x4a6a159 6
4 path.c:31 0x4a6a1a9 8
4 path.c:31 0x4a6a209 8
4 dynarray.c:112 0x4a6a089 24
4 dynarray.c:113 0x4a6a019 24
4 path.c:254 0x4a69fa9 24
4 path.c:246 0x4a69a59 22
4 path.c:31 0x4a698d9 6
4 path.c:31 0x4a69929 8
4 path.c:31 0x4a69989 8
4 dynarray.c:112 0x4a699e9 32
4 dynarray.c:113 0x4a69809 24
4 path.c:254 0x4a69799 24
2 path.c:128 0x4a6a2c9 24
1 dynarray.c:84 0x4a6a339 24
2 dynarray.c:95 0x4a6a3a9 16
2 path.c:90 0x4a6a409 6
2 path.c:90 0x4a6a459 8
1 path.c:143 0x4a6a4b9 14
2 path.c:178 0x4a6a519 24
1 dynarray.c:84 0x4a6a589 24
2 dynarray.c:95 0x4a6a5f9 16
2 path.c:191 0x4a6a659 14
2 path.c:205 0x4a6a6b9 6
3 path.c:223 0x4a6a709 0x4a6a659 14 6
4 path.c:246 0x4a6a709 6
4 path.c:31 0x4a6a6b9 6
4 dynarray.c:112 0x4a6a5f9 16
4 dynarray.c:113 0x4a6a589 24
4 path.c:254 0x4a6a519 24
2 path.c:178 0x4a6a759 24
1 dynarray.c:84 0x4a6a7c9 24
2 dynarray.c:95 0x4a6a839 16
2 path.c:191 0x4a6a899 14
2 path.c:205 0x4a6a8f9 6
2 path.c:205 0x4a6a949 8
3 path.c:223 0x4a6a9a9 0x4a6a899 14 14
4 path.c:246 0x4a6a9a9 14
4 path.c:31 0x4a6a8f9 6
4 path.c:31 0x4a6a949 8
4 dynarray.c:112 0x4a6a839 16
4 dynarray.c:113 0x4a6a7c9 24
4 path.c:254 0x4a6a759 24
4 path.c:246 0x4a6a4b9 14
4 path.c:31 0x4a6a409 6
4 path.c:31 0x4a6a459 8
4 dynarray.c:112 0x4a6a3a9 16
4 dynarray.c:113 0x4a6a339 24
4 path.c:254 0x4a6a2c9 24
4 path.c:246 0x4a66059 32
4 path.c:31 0x4a65ef9 6
4 path.c:31 0x4a65f49 8
4 path.c:31 0x4a65fa9 12
4 path.c:31 0x4a66009 6
4 dynarray.c:112 0x4a65e19 32
4 dynarray.c:113 0x4a65da9 24
4 path.c:254 0x4a65d39 24
4 bdtBad4.c:263 0x4a65cc9 32
4 path.c:246 0x4a626e9 26
4 path.c:31 0x4a625d9 6
4 path.c:31 0x4a62629 8
4 path.c:31 0x4a62689 12
4 dynarray.c:112 0x4a624f9 24
4 dynarray.c:113 0x4a62489 24
4 path.c:254 0x4a62419 24
4 bdtBad4.c:263 0x4a623a9 32
4 path.c:246 0x4a5b009 14
4 path.c:31 0x4a5af59 6
4 path.c:31 0x4a5afa9 8
4 dynarray.c:112 0x4a5ae99 16
4 dynarray.c:113 0x4a5ae29 24
4 path.c:254 0x4a5adb9 24
4 bdtBad4.c:263 0x4a5ad49 32
2 path.c:128 0x4a6aa09 24
1 dynarray.c:84 0x4a6aa79 24
2 dynarray.c:95 0x4a6aae9 16
2 path.c:90 0x4a6ab49 6
1 path.c:143 0x4a6ab99 6
2 path.c:178 0x4a6abe9 24
1 dynarray.c:84 0x4a6ac59 24
2 dynarray.c:95 0x4a6acc9 16
2 path.c:191 0x4a6ad29 6
2 path.c:205 0x4a6ad79 6
3 path.c:223 0x4a6adc9 0x4a6ad29 6 6
4 path.c:246 0x4a6adc9 6
4 path.c:31 0x4a6ad79 6
4 dynarray.c:112 0x4a6acc9 16
4 dynarray.c:113 0x4a6ac59 24
4 path.c:254 0x4a6abe9 24
4 path.c:246 0x4a6ab99 6
4 path.c:31 0x4a6ab49 6
4 dynarray.c:112 0x4a6aae9 16
4 dynarray.c:113 0x4a6aa79 24
4 path.c:254 0x4a6aa09 24
2 path.c:128 0x4a6ae19 24
1 dynarray.c:84 0x4a6ae89 24
2 dynarray.c:95 0x4a6aef9 16
2 path.c:90 0x4a6af59 6
2 path.c:90 0x4a6afa9 7
1 path.c:143 0x4a6b009 13
2 path.c:178 0x4a6b069 24
1 dynarray.c:84 0x4a6b0d9 24
2 dynarray.c:95 0x4a6b149 16
2 path.c:191 0x4a6b1a9 13
2 path.c:205 0x4a6b209 6
3 path.c:223 0x4a6b259 0x4a6b1a9 13 6
4 path.c:246 0x4a6b259 6
4 path.c:31 0x4a6b209 6
4 dynarray.c:112 0x4a6b149 16
4 dynarray.c:113 0x4a6b0d9 24
4 path.c:254 0x4a6b069 24
2 path.c:178 0x4a6b2a9 24
1 dynarray.c:84 0x4a6b319 24
2 dynarray.c:95 0x4a6b389 16
2 path.c:191 0x4a6b3e9 13
2 path.c:205 0x4a6b449 6
2 path.c:205 0x4a6b499 7
3 path.c:223 0x4a6b4f9 0x4a6b3e9 13 13
4 path.c:246 0x4a6b4f9 13
4 path.c:31 0x4a6b449 6
4 path.c:31 0x4a6b499 7
4 dynarray.c:112 0x4a6b389 16
4 dynarray.c:113 0x4a6b319 24
4 path.c:254 0x4a6b2a9 24
4 path.c:246 0x4a6b009 13
4 path.c:31 0x4a6af59 6
4 path.c:31 0x4a6afa9 7
4 dynarray.c:112 0x4a6aef9 16
4 dynarray.c:113 0x4a6ae89 24
4 path.c:254 0x4a6ae19 24
2 path.c:128 0x4a6b559 24
1 dynarray.c:84 0x4a6b5c9 24
2 dynarray.c:95 0x4a6b639 16
2 path.c:90 0x4a6b699 6
2 path.c:90 0x4a6b6e9 8
1 path.c:143 0x4a6b749 14
2 path.c:178 0x4a6b7a9 24
1 dynarray.c:84 0x4a6b819 24
2 dynarray.c:95 0x4a6b889 16
2 path.c:191 0x4a6b8e9 14
2 path.c:205 0x4a6b949 6
3 path.c:223 0x4a6b999 0x4a6b8e9 14 6
4 path.c:246 0x4a6b999 6
4 path.c:31 0x4a6b949 6
4 dynarray.c:112 0x4a6b889 16
4 dynarray.c:113 0x4a6b819 24
4 path.c:254 0x4a6b7a9 24
2 path.c:178 0x4a6b9e9 24
1 dynarray.c:84 0x4a6ba59 24
2 dynarray.c:95 0x4a6bac9 16
2 path.c:191 0x4a6bb29 14
2 path.c:205 0x4a6bb89 6
2 path.c:205 0x4a6bbd9 8
3 path.c:223 0x4a6bc39 0x4a6bb29 14 14
4 path.c:246 0x4a6bc39 14
4 path.c:31 0x4a6bb89 6
4 path.c:31 0x4a6bbd9 8
4 dynarray.c:112 0x4a6bac9 16
4 dynarray.c:113 0x4a6ba59 24
4 path.c:254 0x4a6b9e9 24
4 path.c:246 0x4a6b749 14
4 path.c:31 0x4a6b699 6
4 path.c:31 0x4a6b6e9 8
4 dynarray.c:112 0x4a6b639 16
4 dynarray.c:113 0x4a6b5c9 24
4 path.c:254 0x4a6b559 24
2 path.c:128 0x4a6bc99 24
1 dynarray.c:84 0x4a6bd09 24
2 dynarray.c:95 0x4a6bd79 16
2 path.c:90 0x4a6bdd9 6
2 path.c:90 0x4a6be29 8
2 path.c:90 0x4a6be89 12
3 dynarray.c:69 0x4a6bee9 0x4a6bd79 16 32
1 path.c:143 0x4a6bf59 26
2 path.c:178 0x4a6bfc9 24
1 dynarray.c:84 0x4a6c039 24
2 dynarray.c:95 0x4a6c0a9 16
2 path.c:191 0x4a6c109 26
2 path.c:205 0x4a6c179 6
3 path.c:223 0x4a6c1c9 0x4a6c109 26 6
4 path.c:246 0x4a6c1c9 6
4 path.c:31 0x4a6c179 6
4 dynarray.c:112 0x4a6c0a9 16
4 dynarray.c:113 0x4a6c039 24
4 path.c:254 0x4a6bfc9 24
2 path.c:178 0x4a6c219 24
1 dynarray.c:84 0x4a6c289 24
2 dynarray.c:95 0x4a6c2f9 16
2 path.c:191 0x4a6c359 26
2 path.c:205 0x4a6c3c9 6
2 path.c:205 0x4a6c419 8
3 path.c:223 0x4a6c479 0x4a6c359 26 14
4 path.c:246 0x4a6c479 14
4 path.c:31 0x4a6c3c9 6
4 path.c:31 0x4a6c419 8
4 dynarray.c:112 0x4a6c2f9 16
4 dynarray.c:113 0x4a6c289 24
4 path.c:254 0x4a6c219 24
4 path.c:246 0x4a6bf59 26
4 path.c:31 0x4a6bdd9 6
4 path.c:31 0x4a6be29 8
4 path.c:31 0x4a6be89 12
4 dynarray.c:112 0x4a6bee9 32
4 dynarray.c:113 0x4a6bd09 24
4 path.c:254 0x4a6bc99 24
2 path.c:128 0x4a6c4d9 24
1 dynarray.c:84 0x4a6c549 24
2 dynarray.c:95 0x4a6c5b9 16
2 path.c:90 0x4a6c619 6
2 path.c:90 0x4a6c669 8
2 path.c:90 0x4a6c6c9 12
3 dynarray.c:69 0x4a6c729 0x4a6c5b9 16 32
2 path.c:90 0x4a6c799 6
1 path.c:143 0x4a6c7e9 32
2 path.c:178 0x4a6c859 24
1 dynarray.c:84 0x4a6c8c9 24
2 dynarray.c:95 0x4a6c939 16
2 path.c:191 0x4a6c999 32
2 path.c:205 0x4a6ca09 6
3 path.c:223 0x4a6ca59 0x4a6c999 32 6
4 path.c:246 0x4a6ca59 6
4 path.c:31 0x4a6ca09 6
4 dynarray.c:112 0x4a6c939 16
4 dynarray.c:113 0x4a6c8c9 24
4 path.c:254 0x4a6c859 24
2 path.c:178 0x4a6caa9 24
1 dynarray.c:84 0x4a6cb19 24
2 dynarray.c:95 0x4a6cb89 16
2 path.c:191 0x4a6cbe9 32
2 path.c:205 0x4a6cc59 6
2 path.c:205 0x4a6cca9 8
3 path.c:223 0x4a6cd09 0x4a6cbe9 32 14
4 path.c:246 0x4a6cd09 14
4 path.c:31 0x4a6cc59 6
4 path.c:31 0x4a6cca9 8
4 dynarray.c:112 0x4a6cb89 16
4 dynarray.c:113 0x4a6cb19 24
4 path.c:254 0x4a6caa9 24
4 path.c:246 0x4a6c7e9 32
4 path.c:31 0x4a6c619 6
4 path.c:31 0x4a6c669 8
4 path.c:31 0x4a6c6c9 12
4 path.c:31 0x4a6c799 6
4 dynarray.c:112 0x4a6c729 32
4 dynarray.c:113 0x4a6c549 24
4 path.c:254 0x4a6c4d9 24
1 dynarray.c:84 0x4a6cd69 24
2 dynarray.c:95 0x4a6cdd9 24
1 bdtBad4.c:663 0x4a6ce49 42
4 dynarray.c:112 0x4a6cdd9 24
4 dynarray.c:113 0x4a6cd69 24
6 bdt_client.c:114 0x4a6ce49
4 bdt_client.c:114 0x4a6ce49 42
2 path.c:128 0x4a6cec9 24
1 dynarray.c:84 0x4a6cf39 24
2 dynarray.c:95 0x4a6cfa9 16
2 path.c:90 0x4a6d009 13
1 path.c:143 0x4a6d069 13
2 path.c:178 0x4a6d0c9 24
1 dynarray.c:84 0x4a6d139 24
2 dynarray.c:95 0x4a6d1a9 16
2 path.c:191 0x4a6d209 13
2 path.c:205 0x4a6d269 13
3 path.c:223 0x4a6d2c9 0x4a6d209 13 13
4 path.c:246 0x4a6d2c9 13
4 path.c:31 0x4a6d269 13
4 dynarray.c:112 0x4a6d1a9 16
4 dynarray.c:113 0x4a6d139 24
4 path.c:254 0x4a6d0c9 24
4 path.c:246 0x4a6d069 13
4 path.c:31 0x4a6d009 13
4 dynarray.c:112 0x4a6cfa9 16
4 dynarray.c:113 0x4a6cf39 24
4 path.c:254 0x4a6cec9 24
2 path.c:128 0x4a6d329 24
1 dynarray.c:84 0x4a6d399 24
2 dynarray.c:95 0x4a6d409 16
2 path.c:90 0x4a6d469 6
1 path.c:143 0x4a6d4b9 6
2 path.c:178 0x4a6d509 24
1 dynarray.c:84 0x4a6d579 24
2 dynarray.c:95 0x4a6d5e9 16
2 path.c:191 0x4a6d649 6
2 path.c:205 0x4a6d699 6
3 path.c:223 0x4a6d6e9 0x4a6d649 6 6
4 path.c:246 0x4a6d6e9 6
4 path.c:31 0x4a6d699 6
4 dynarray.c:112 0x4a6d5e9 16
4 dynarray.c:113 0x4a6d579 24
4 path.c:254 0x4a6d509 24
4 path.c:246 0x4a6d4b9 6
4 path.c:31 0x4a6d469 6
4 dynarray.c:112 0x4a6d409 16
4 dynarray.c:113 0x4a6d399 24
4 path.c:254 0x4a6d329 24
4 path.c:246 0x4a56699 25
4 path.c:31 0x4a56589 6
4 path.c:31 0x4a565d9 7
4 path.c:31 0x4a56639 12
4 dynarray.c:112 0x4a564a9 24
4 dynarray.c:113 0x4a56439 24
4 path.c:254 0x4a563c9 24
4 bdtBad4.c:263 0x4a56359 32
4 path.c:246 0x4a55fb9 13
4 path.c:31 0x4a55f09 6
4 path.c:31 0x4a55f59 7
4 dynarray.c:112 0x4a55e49 16
4 dynarray.c:113 0x4a55dd9 24
4 path.c:254 0x4a55d69 24
4 bdtBad4.c:263 0x4a55cf9 32
4 path.c:246 0x4a551a9 6
4 path.c:31 0x4a55159 6
4 dynarray.c:112 0x4a550a9 16
4 dynarray.c:113 0x4a55039 24
4 path.c:254 0x4a54fc9 24
4 bdtBad4.c:263 0x4a54f59 32
2 path.c:128 0x4a6d739 24
1 dynarray.c:84 0x4a6d7a9 24
2 dynarray.c:95 0x4a6d819 16
2 path.c:90 0x4a6d879 6
2 path.c:90 0x4a6d8c9 7
1 path.c:143 0x4a6d929 13
4 path.c:246 0x4a6d929 13
4 path.c:31 0x4a6d879 6
4 path.c:31 0x4a6d8c9 7
4 dynarray.c:112 0x4a6d819 16
4 dynarray.c:113 0x4a6d7a9 24
4 path.c:254 0x4a6d739 24
2 path.c:128 0x4a6d989 24
1 dynarray.c:84 0x4a6d9f9 24
2 dynarray.c:95 0x4a6da69 16
2 path.c:90 0x4a6dac9 6
1 path.c:143 0x4a6db19 6
4 path.c:246 0x4a6db19 6
4 path.c:31 0x4a6dac9 6
4 dynarray.c:112 0x4a6da69 16
4 dynarray.c:113 0x4a6d9f9 24
4 path.c:254 0x4a6d989 24
2 path.c:128 0x4a6db69 24
1 dynarray.c:84 0x4a6dbd9 24
2 dynarray.c:95 0x4a6dc49 16
2 path.c:90 0x4a6dca9 6
1 path.c:143 0x4a6dcf9 6
4 path.c:246 0x4a6dcf9 6
4 path.c:31 0x4a6dca9 6
4 dynarray.c:112 0x4a6dc49 16
4 dynarray.c:113 0x4a6dbd9 24
4 path.c:254 0x4a6db69 24
2 path.c:128 0x4a6dd49 24
1 dynarray.c:84 0x4a6ddb9 24
2 dynarray.c:95 0x4a6de29 16
2 path.c:90 0x4a6de89 13
1 path.c:143 0x4a6dee9 13
4 path.c:246 0x4a6dee9 13
4 path.c:31 0x4a6de89 13
4 dynarray.c:112 0x4a6de29 16
4 dynarray.c:113 0x4a6ddb9 24
4 path.c:254 0x4a6dd49 24
1 dynarray.c:84 0x4a6df49 24
2 dynarray.c:95 0x4a6dfb9 16
1 bdtBad4.c:663 0x4a6e019 1
4 dynarray.c:112 0x4a6dfb9 16
4 dynarray.c:113 0x4a6df49 24
4 bdt_client.c:125 0x4a6e019 1
2 path.c:128 0x4a6e069 24
1 dynarray.c:84 0x4a6e0d9 24
2 dynarray.c:95 0x4a6e149 16
2 path.c:90 0x4a6e1a9 2
2 path.c:90 0x4a6e1f9 2
1 path.c:143 0x4a6e249 4
2 path.c:178 0x4a6e299 24
1 dynarray.c:84 0x4a6e309 24
2 dynarray.c:95 0x4a6e379 16
2 path.c:191 0x4a6e3d9 4
2 path.c:205 0x4a6e429 2
3 path.c:223 0x4a6e479 0x4a6e3d9 4 2
1 bdtBad4.c:143 0x4a6e4c9 32
2 path.c:178 0x4a6e539 24
1 dynarray.c:84 0x4a6e5a9 24
2 dynarray.c:95 0x4a6e619 16
2 path.c:191 0x4a6e679 2
2 path.c:205 0x4a6e6c9 2
3 path.c:223 0x4a6e719 0x4a6e679 2 2
4 path.c:246 0x4a6e479 2
4 path.c:31 0x4a6e429 2
4 dynarray.c:112 0x4a6e379 16
4 dynarray.c:113 0x4a6e309 24
4 path.c:254 0x4a6e299 24
2 path.c:178 0x4a6e769 24
1 dynarray.c:84 0x4a6e7d9 24
2 dynarray.c:95 0x4a6e849 16
2 path.c:191 0x4a6e8a9 4
2 path.c:205 0x4a6e8f9 2
2 path.c:205 0x4a6e949 2
3 path.c:223 0x4a6e999 0x4a6e8a9 4 4
1 bdtBad4.c:143 0x4a6e9e9 32
2 path.c:178 0x4a6ea59 24
1 dynarray.c:84 0x4a6eac9 24
2 dynarray.c:95 0x4a6eb39 16
2 path.c:191 0x4a6eb99 4
2 path.c:205 0x4a6ebe9 2
2 path.c:205 0x4a6ec39 2
3 path.c:223 0x4a6ec89 0x4a6eb99 4 4
4 path.c:246 0x4a6e999 4
4 path.c:31 0x4a6e8f9 2
4 path.c:31 0x4a6e949 2
4 dynarray.c:112 0x4a6e849 16
4 dynarray.c:113 0x4a6e7d9 24
4 path.c:254 0x4a6e769 24
4 path.c:246 0x4a6e249 4
4 path.c:31 0x4a6e1a9 2
4 path.c:31 0x4a6e1f9 2
4 dynarray.c:112 0x4a6e149 16
4 dynarray.c:113 0x4a6e0d9 24
4 path.c:254 0x4a6e069 24
1 dynarray.c:84 0x4a6ecd9 24
2 dynarray.c:95 0x4a6ed49 16
1 bdtBad4.c:663 0x4a6eda9 5
4 dynarray.c:112 0x4a6ed49 16
4 dynarray.c:113 0x4a6ecd9 24
6 bdt_client.c:137 0x4a6eda9
4 bdt_client.c:137 0x4a6eda9 5
2 path.c:128 0x4a6edf9 24
1 dynarray.c:84 0x4a6ee69 24
2 dynarray.c:95 0x4a6eed9 16
2 path.c:90 0x4a6ef39 2
2 path.c:90 0x4a6ef89 2
1 path.c:143 0x4a6efd9 4
2 path.c:178 0x4a6f029 24
1 dynarray.c:84 0x4a6f099 24
2 dynarray.c:95 0x4a6f109 16
2 path.c:191 0x4a6f169 4
2 path.c:205 0x4a6f1b9 2
3 path.c:223 0x4a6f209 0x4a6f169 4 2
4 path.c:246 0x4a6f209 2
4 path.c:31 0x4a6f1b9 2
4 dynarray.c:112 0x4a6f109 16
4 dynarray.c:113 0x4a6f099 24
4 path.c:254 0x4a6f029 24
2 path.c:178 0x4a6f259 24
1 dynarray.c:84 0x4a6f2c9 24
2 dynarray.c:95 0x4a6f339 16
2 path.c:191 0x4a6f399 4
2 path.c:205 0x4a6f3e9 2
2 path.c:205 0x4a6f439 2
3 path.c:223 0x4a6f489 0x4a6f399 4 4
4 path.c:246 0x4a6f489 4
4 path.c:31 0x4a6f3e9 2
4 path.c:31 0x4a6f439 2
4 dynarray.c:112 0x4a6f339 16
4 dynarray.c:113 0x4a6f2c9 24
4 path.c:254 0x4a6f259 24
2 path.c:178 0x4a6f4d9 24
1 dynarray.c:84 0x4a6f549 24
2 dynarray.c:95 0x4a6f5b9 16
2 path.c:191 0x4a6f619 4
2 path.c:205 0x4a6f669 2
2 path.c:205 0x4a6f6b9 2
3 path.c:223 0x4a6f709 0x4a6f619 4 4
1 bdtBad4.c:143 0x4a6f759 32
2 path.c:178 0x4a6f7c9 24
1 dynarray.c:84 0x4a6f839 24
2 dynarray.c:95 0x4a6f8a9 16
2 path.c:191 0x4a6f909 4
2 path.c:205 0x4a6f959 2
2 path.c:205 0x4a6f9a9 2
3 path.c:223 0x4a6f9f9 0x4a6f909 4 4
4 path.c:246 0x4a6f709 4
4 path.c:31 0x4a6f669 2
4 path.c:31 0x4a6f6b9 2
4 dynarray.c:112 0x4a6f5b9 16
4 dynarray.c:113 0x4a6f549 24
4 path.c:254 0x4a6f4d9 24
4 path.c:246 0x4a6efd9 4
4 path.c:31 0x4a6ef39 2
4 path.c:31 0x4a6ef89 2
4 dynarray.c:112 0x4a6eed9 16
4 dynarray.c:113 0x4a6ee69 24
4 path.c:254 0x4a6edf9 24
1 dynarray.c:84 0x4a6fa49 24
2 dynarray.c:95 0x4a6fab9 24
1 bdtBad4.c:663 0x4a6fb29 8
4 dynarray.c:112 0x4a6fab9 24
4 dynarray.c:113 0x4a6fa49 24
6 bdt_client.c:141 0x4a6fb29
4 bdt_client.c:141 0x4a6fb29 8
2 path.c:128 0x4a6fb89 24
1 dynarray.c:84 0x4a6fbf9 24
2 dynarray.c:95 0x4a6fc69 16
2 path.c:90 0x4a6fcc9 2
2 path.c:90 0x4a6fd19 2
1 path.c:143 0x4a6fd69 4
2 path.c:178 0x4a6fdb9 24
1 dynarray.c:84 0x4a6fe29 24
2 dynarray.c:95 0x4a6fe99 16
2 path.c:191 0x4a6fef9 4
2 path.c:205 0x4a6ff49 2
3 path.c:223 0x4a6ff99 0x4a6fef9 4 2
4 path.c:246 0x4a6ff99 2
4 path.c:31 0x4a6ff49 2
4 dynarray.c:112 0x4a6fe99 16
4 dynarray.c:113 0x4a6fe29 24
4 path.c:254 0x4a6fdb9 24
2 path.c:178 0x4a6ffe9 24
1 dynarray.c:84 0x4a70059 24
2 dynarray.c:95 0x4a700c9 16
2 path.c:191 0x4a70129 4
2 path.c:205 0x4a70179 2
2 path.c:205 0x4a701c9 2
3 path.c:223 0x4a70219 0x4a70129 4 4
4 path.c:246 0x4a70219 4
4 path.c:31 0x4a70179 2
4 path.c:31 0x4a701c9 2
4 dynarray.c:112 0x4a700c9 16
4 dynarray.c:113 0x4a70059 24
4 path.c:254 0x4a6ffe9 24
4 path.c:246 0x4a6fd69 4
4 path.c:31 0x4a6fcc9 2
4 path.c:31 0x4a6fd19 2
4 dynarray.c:112 0x4a6fc69 16
4 dynarray.c:113 0x4a6fbf9 24
4 path.c:254 0x4a6fb89 24
4 path.c:246 0x4a6ec89 4
4 path.c:31 0x4a6ebe9 2
4 path.c:31 0x4a6ec39 2
4 dynarray.c:112 0x4a6eb39 16
4 dynarray.c:113 0x4a6eac9 24
4 path.c:254 0x4a6ea59 24
4 bdtBad4.c:263 0x4a6e9e9 32
1 dynarray.c:84 0x4a70269 24
2 dynarray.c:95 0x4a702d9 16
1 bdtBad4.c:663 0x4a70339 5
4 dynarray.c:112 0x4a702d9 16
4 dynarray.c:113 0x4a70269 24
6 bdt_client.c:145 0x4a70339
4 bdt_client.c:145 0x4a70339 5
2 path.c:128 0x4a70389 24
1 dynarray.c:84 0x4a703f9 24
2 dynarray.c:95 0x4a70469 16
2 path.c:90 0x4a704c9 2
2 path.c:90 0x4a70519 3
1 path.c:143 0x4a70569 5
2 path.c:178 0x4a705b9 24
1 dynarray.c:84 0x4a70629 24
2 dynarray.c:95 0x4a70699 16
2 path.c:191 0x4a706f9 5
2 path.c:205 0x4a70749 2
3 path.c:223 0x4a70799 0x4a706f9 5 2
4 path.c:246 0x4a70799 2
4 path.c:31 0x4a70749 2
4 dynarray.c:112 0x4a70699 16
4 dynarray.c:113 0x4a70629 24
4 path.c:254 0x4a705b9 24
2 path.c:178 0x4a707e9 24
1 dynarray.c:84 0x4a70859 24
2 dynarray.c:95 0x4a708c9 16
2 path.c:191 0x4a70929 5
2 path.c:205 0x4a70979 2
2 path.c:205 0x4a709c9 3
3 path.c:223 0x4a70a19 0x4a70929 5 5
4 path.c:246 0x4a70a19 5
4 path.c:31 0x4a70979 2
4 path.c:31 0x4a709c9 3
4 dynarray.c:112 0x4a708c9 16
4 dynarray.c:113 0x4a70859 24
4 path.c:254 0x4a707e9 24
2 path.c:178 0x4a70a69 24
1 dynarray.c:84 0x4a70ad9 24
2 dynarray.c:95 0x4a70b49 16
2 path.c:191 0x4a70ba9 5
2 path.c:205 0x4a70bf9 2
2 path.c:205 0x4a70c49 3
3 path.c:223 0x4a70c99 0x4a70ba9 5 5
1 bdtBad4.c:143 0x4a70ce9 32
2 path.c:178 0x4a70d59 24
1 dynarray.c:84 0x4a70dc9 24
2 dynarray.c:95 0x4a70e39 16
2 path.c:191 0x4a70e99 5
2 path.c:205 0x4a70ee9 2
2 path.c:205 0x4a70f39 3
3 path.c:223 0x4a70f89 0x4a70e99 5 5
4 path.c:246 0x4a70c99 5
4 path.c:31 0x4a70bf9 2
4 path.c:31 0x4a70c49 3
4 dynarray.c:112 0x4a70b49 16
4 dynarray.c:113 0x4a70ad9 24
4 path.c:254 0x4a70a69 24
4 path.c:246 0x4a70569 5
4 path.c:31 0x4a704c9 2
4 path.c:31 0x4a70519 3
4 dynarray.c:112 0x4a70469 16
4 dynarray.c:113 0x4a703f9 24
4 path.c:254 0x4a70389 24
1 dynarray.c:84 0x4a70fd9 24
2 dynarray.c:95 0x4a71049 24
1 bdtBad4.c:663 0x4a710b9 9
4 dynarray.c:112 0x4a71049 24
4 dynarray.c:113 0x4a70fd9 24
6 bdt_client.c:149 0x4a710b9
4 bdt_client.c:149 0x4a710b9 9
2 path.c:128 0x4a71119 24
1 dynarray.c:84 0x4a71189 24
2 dynarray.c:95 0x4a711f9 16
2 path.c:90 0x4a71259 2
2 path.c:90 0x4a712a9 3
1 path.c:143 0x4a712f9 5
2 path.c:178 0x4a71349 24
1 dynarray.c:84 0x4a713b9 24
2 dynarray.c:95 0x4a71429 16
2 path.c:191 0x4a71489 5
2 path.c:205 0x4a714d9 2
3 path.c:223 0x4a71529 0x4a71489 5 2
4 path.c:246 0x4a71529 2
4 path.c:31 0x4a714d9 2
4 dynarray.c:112 0x4a71429 16
4 dynarray.c:113 0x4a713b9 24
4 path.c:254 0x4a71349 24
2 path.c:178 0x4a71579 24
1 dynarray.c:84 0x4a715e9 24
2 dynarray.c:95 0x4a71659 16
2 path.c:191 0x4a716b9 5
2 path.c:205 0x4a71709 2
2 path.c:205 0x4a71759 3
3 path.c:223 0x4a717a9 0x4a716b9 5 5
4 path.c:246 0x4a717a9 5
4 path.c:31 0x4a71709 2
4 path.c:31 0x4a71759 3
4 dynarray.c:112 0x4a71659 16
4 dynarray.c:113 0x4a715e9 24
4 path.c:254 0x4a71579 24
4 path.c:246 0x4a712f9 5
4 path.c:31 0x4a71259 2
4 path.c:31 0x4a712a9 3
4 dynarray.c:112 0x4a711f9 16
4 dynarray.c:113 0x4a71189 24
4 path.c:254 0x4a71119 24
4 path.c:246 0x4a70f89 5
4 path.c:31 0x4a70ee9 2
4 path.c:31 0x4a70f39 3
4 dynarray.c:112 0x4a70e39 16
4 dynarray.c:113 0x4a70dc9 24
4 path.c:254 0x4a70d59 24
4 bdtBad4.c:263 0x4a70ce9 32
1 dynarray.c:84 0x4a717f9 24
2 dynarray.c:95 0x4a71869 16
1 bdtBad4.c:663 0x4a718c9 5
4 dynarray.c:112 0x4a71869 16
4 dynarray.c:113 0x4a717f9 24
6 bdt_client.c:153 0x4a718c9
4 bdt_client.c:153 0x4a718c9 5
2 path.c:128 0x4a71919 24
1 dynarray.c:84 0x4a71989 24
2 dynarray.c:95 0x4a719f9 16
2 path.c:90 0x4a71a59 2
2 path.c:90 0x4a71aa9 3
1 path.c:143 0x4a71af9 5
2 path.c:178 0x4a71b49 24
1 dynarray.c:84 0x4a71bb9 24
2 dynarray.c:95 0x4a71c29 16
2 path.c:191 0x4a71c89 5
2 path.c:205 0x4a71cd9 2
3 path.c:223 0x4a71d29 0x4a71c89 5 2
4 path.c:246 0x4a71d29 2
4 path.c:31 0x4a71cd9 2
4 dynarray.c:112 0x4a71c29 16
4 dynarray.c:113 0x4a71bb9 24
4 path.c:254 0x4a71b49 24
2 path.c:178 0x4a71d79 24
1 dynarray.c:84 0x4a71de9 24
2 dynarray.c:95 0x4a71e59 16
2 path.c:191 0x4a71eb9 5
2 path.c:205 0x4a71f09 2
2 path.c:205 0x4a71f59 3
3 path.c:223 0x4a71fa9 0x4a71eb9 5 5
4 path.c:246 0x4a71fa9 5
4 path.c:31 0x4a71f09 2
4 path.c:31 0x4a71f59 3
4 dynarray.c:112 0x4a71e59 16
4 dynarray.c:113 0x4a71de9 24
4 path.c:254 0x4a71d79 24
2 path.c:178 0x4a71ff9 24
1 dynarray.c:84 0x4a72069 24
2 dynarray.c:95 0x4a720d9 16
2 path.c:191 0x4a72139 5
2 path.c:205 0x4a72189 2
2 path.c:205 0x4a721d9 3
3 path.c:223 0x4a72229 0x4a72139 5 5
1 bdtBad4.c:143 0x4a72279 32
2 path.c:178 0x4a722e9 24
1 dynarray.c:84 0x4a72359 24
2 dynarray.c:95 0x4a723c9 16
2 path.c:191 0x4a72429 5
2 path.c:205 0x4a72479 2
2 path.c:205 0x4a724c9 3
3 path.c:223 0x4a72519 0x4a72429 5 5
4 path.c:246 0x4a72229 5
4 path.c:31 0x4a72189 2
4 path.c:31 0x4a721d9 3
4 dynarray.c:112 0x4a720d9 16
4 dynarray.c:113 0x4a72069 24
4 path.c:254 0x4a71ff9 24
4 path.c:246 0x4a71af9 5
4 path.c:31 0x4a71a59 2
4 path.c:31 0x4a71aa9 3
4 dynarray.c:112 0x4a719f9 16
4 dynarray.c:113 0x4a71989 24
4 path.c:254 0x4a71919 24
1 dynarray.c:84 0x4a72569 24
2 dynarray.c:95 0x4a725d9 24
1 bdtBad4.c:663 0x4a72649 9
4 dynarray.c:112 0x4a725d9 24
4 dynarray.c:113 0x4a72569 24
6 bdt_client.c:157 0x4a72649
4 bdt_client.c:157 0x4a72649 9
2 path.c:128 0x4a726a9 24
1 dynarray.c:84 0x4a72719 24
2 dynarray.c:95 0x4a72789 16
2 path.c:90 0x4a727e9 2
2 path.c:90 0x4a72839 2
1 path.c:143 0x4a72889 4
2 path.c:178 0x4a728d9 24
1 dynarray.c:84 0x4a72949 24
2 dynarray.c:95 0x4a729b9 16
2 path.c:191 0x4a72a19 4
2 path.c:205 0x4a72a69 2
3 path.c:223 0x4a72ab9 0x4a72a19 4 2
4 path.c:246 0x4a72ab9 2
4 path.c:31 0x4a72a69 2
4 dynarray.c:112 0x4a729b9 16
4 dynarray.c:113 0x4a72949 24
4 path.c:254 0x4a728d9 24
2 path.c:178 0x4a72b09 24
1 dynarray.c:84 0x4a72b79 24
2 dynarray.c:95 0x4a72be9 16
2 path.c:191 0x4a72c49 4
2 path.c:205 0x4a72c99 2
2 path.c:205 0x4a72ce9 2
3 path.c:223 0x4a72d39 0x4a72c49 4 4
4 path.c:246 0x4a72d39 4
4 path.c:31 0x4a72c99 2
4 path.c:31 0x4a72ce9 2
4 dynarray.c:112 0x4a72be9 16
4 dynarray.c:113 0x4a72b79 24
4 path.c:254 0x4a72b09 24
4 path.c:246 0x4a72889 4
4 path.c:31 0x4a727e9 2
4 path.c:31 0x4a72839 2
4 dynarray.c:112 0x4a72789 16
4 dynarray.c:113 0x4a72719 24
4 path.c:254 0x4a726a9 24
4 path.c:246 0x4a6f9f9 4
4 path.c:31 0x4a6f959 2
4 path.c:31 0x4a6f9a9 2
4 dynarray.c:112 0x4a6f8a9 16
4 dynarray.c:113 0x4a6f839 24
4 path.c:254 0x4a6f7c9 24
4 bdtBad4.c:263 0x4a6f759 32
1 dynarray.c:84 0x4a72d89 24
2 dynarray.c:95 0x4a72df9 16
1 bdtBad4.c:663 0x4a72e59 6
4 dynarray.c:112 0x4a72df9 16
4 dynarray.c:113 0x4a72d89 24
6 bdt_client.c:161 0x4a72e59
4 bdt_client.c:161 0x4a72e59 6
4 path.c:246 0x4a72519 5
4 path.c:31 0x4a72479 2
4 path.c:31 0x4a724c9 3
4 dynarray.c:112 0x4a723c9 16
4 dynarray.c:113 0x4a72359 24
4 path.c:254 0x4a722e9 24
4 bdtBad4.c:263 0x4a72279 32
4 path.c:246 0x4a6e719 2
4 path.c:31 0x4a6e6c9 2
4 dynarray.c:112 0x4a6e619 16
4 dynarray.c:113 0x4a6e5a9 24
4 path.c:254 0x4a6e539 24
4 bdtBad4.c:263 0x4a6e4c9 32
